"E:/ProjectsUnrealEngine/UE4/TFG/NausTFGMultiPlayer/Content/Assets/Sounds/LaserShot/laser-14792.uasset" 0
"E:/ProjectsUnrealEngine/UE4/TFG/NausTFGMultiPlayer/Content/Assets/Sounds/LaserShot/laser-14792.uexp" 1
"E:/ProjectsUnrealEngine/UE4/TFG/NausTFGMultiPlayer/Content/Assets/Sounds/LaserShot/laserShot.uasset" 2
"E:/ProjectsUnrealEngine/UE4/TFG/NausTFGMultiPlayer/Content/Assets/Sounds/LaserShot/laserShot.uexp" 3
"E:/ProjectsUnrealEngine/UE4/TFG/NausTFGMultiPlayer/Content/Client/GUI/HUD/Images/TestCrosshair.uasset" 4
"E:/ProjectsUnrealEngine/UE4/TFG/NausTFGMultiPlayer/Content/Client/GUI/HUD/Images/TestCrosshair.uexp" 5
"E:/ProjectsUnrealEngine/UE4/TFG/NausTFGMultiPlayer/Content/Client/GUI/HUD/ArtilleryHUD_BP.uasset" 6
"E:/ProjectsUnrealEngine/UE4/TFG/NausTFGMultiPlayer/Content/Client/GUI/HUD/ArtilleryHUD_BP.uexp" 7
"E:/ProjectsUnrealEngine/UE4/TFG/NausTFGMultiPlayer/Content/Client/GUI/HUD/PilotHUD_BP.uasset" 8
"E:/ProjectsUnrealEngine/UE4/TFG/NausTFGMultiPlayer/Content/Client/GUI/HUD/PilotHUD_BP.uexp" 9
"E:/ProjectsUnrealEngine/UE4/TFG/NausTFGMultiPlayer/Content/Client/GUI/HUD/GameState/GameStateHUD_BP.uasset" 10
"E:/ProjectsUnrealEngine/UE4/TFG/NausTFGMultiPlayer/Content/Client/GUI/HUD/GameState/GameStateHUD_BP.uexp" 11
"E:/ProjectsUnrealEngine/UE4/TFG/NausTFGMultiPlayer/Content/Client/GUI/Menus/InitMenu/Images/InitMenuBackGroundImage.uasset" 12
"E:/ProjectsUnrealEngine/UE4/TFG/NausTFGMultiPlayer/Content/Client/GUI/Menus/InitMenu/Images/InitMenuBackGroundImage.uexp" 13
"E:/ProjectsUnrealEngine/UE4/TFG/NausTFGMultiPlayer/Content/Client/GUI/Menus/InitMenu/Images/initMenu.uasset" 14
"E:/ProjectsUnrealEngine/UE4/TFG/NausTFGMultiPlayer/Content/Client/GUI/Menus/InitMenu/Images/initMenu.uexp" 15
"E:/ProjectsUnrealEngine/UE4/TFG/NausTFGMultiPlayer/Content/Client/GUI/Menus/InitMenu/InitMenu_BP.uasset" 16
"E:/ProjectsUnrealEngine/UE4/TFG/NausTFGMultiPlayer/Content/Client/GUI/Menus/InitMenu/InitMenu_BP.uexp" 17
"E:/ProjectsUnrealEngine/UE4/TFG/NausTFGMultiPlayer/Content/Client/GUI/Menus/MainMenu/MainMenu_BP.uasset" 18
"E:/ProjectsUnrealEngine/UE4/TFG/NausTFGMultiPlayer/Content/Client/GUI/Menus/MainMenu/MainMenu_BP.uexp" 19
"E:/ProjectsUnrealEngine/UE4/TFG/NausTFGMultiPlayer/Content/ServerAndClient/Pawns/ArtilleryActionPawn_BP.uasset" 20
"E:/ProjectsUnrealEngine/UE4/TFG/NausTFGMultiPlayer/Content/ServerAndClient/Pawns/ArtilleryActionPawn_BP.uexp" 21
"E:/ProjectsUnrealEngine/UE4/TFG/NausTFGMultiPlayer/Content/Assets/Meshes/SpaceShips/enemy/EnemySide.uasset" 22
"E:/ProjectsUnrealEngine/UE4/TFG/NausTFGMultiPlayer/Content/Assets/Meshes/SpaceShips/enemy/EnemySide.uexp" 23
"E:/ProjectsUnrealEngine/UE4/TFG/NausTFGMultiPlayer/Content/Assets/Meshes/SpaceShips/enemy/EnemyEngine_Seg1.uasset" 24
"E:/ProjectsUnrealEngine/UE4/TFG/NausTFGMultiPlayer/Content/Assets/Meshes/SpaceShips/enemy/EnemyEngine_Seg1.uexp" 25
"E:/ProjectsUnrealEngine/UE4/TFG/NausTFGMultiPlayer/Content/Assets/Meshes/SpaceShips/enemy/EnemyTop.uasset" 26
"E:/ProjectsUnrealEngine/UE4/TFG/NausTFGMultiPlayer/Content/Assets/Meshes/SpaceShips/enemy/EnemyTop.uexp" 27
"E:/ProjectsUnrealEngine/UE4/TFG/NausTFGMultiPlayer/Content/Assets/Meshes/SpaceShips/enemy/Wing.uasset" 28
"E:/ProjectsUnrealEngine/UE4/TFG/NausTFGMultiPlayer/Content/Assets/Meshes/SpaceShips/enemy/Wing.uexp" 29
"E:/ProjectsUnrealEngine/UE4/TFG/NausTFGMultiPlayer/Content/Assets/Meshes/SpaceShips/enemy/EnemyEngine.uasset" 30
"E:/ProjectsUnrealEngine/UE4/TFG/NausTFGMultiPlayer/Content/Assets/Meshes/SpaceShips/enemy/EnemyEngine.uexp" 31
"E:/ProjectsUnrealEngine/UE4/TFG/NausTFGMultiPlayer/Content/Assets/Meshes/SpaceShips/enemy/EnemyBody.uasset" 32
"E:/ProjectsUnrealEngine/UE4/TFG/NausTFGMultiPlayer/Content/Assets/Meshes/SpaceShips/enemy/EnemyBody.uexp" 33
"E:/ProjectsUnrealEngine/UE4/TFG/NausTFGMultiPlayer/Content/Assets/Meshes/SpaceShips/enemy/enemy.uasset" 34
"E:/ProjectsUnrealEngine/UE4/TFG/NausTFGMultiPlayer/Content/Assets/Meshes/SpaceShips/enemy/enemy.uexp" 35
"E:/ProjectsUnrealEngine/UE4/TFG/NausTFGMultiPlayer/Content/ServerAndClient/Pawns/EnemyActionPawn_BP.uasset" 36
"E:/ProjectsUnrealEngine/UE4/TFG/NausTFGMultiPlayer/Content/ServerAndClient/Pawns/EnemyActionPawn_BP.uexp" 37
"../../../Engine/Content/Functions/Engine_MaterialFunctions01/Opacity/CameraDepthFade.uasset" 38
"../../../Engine/Content/Functions/Engine_MaterialFunctions01/Opacity/CameraDepthFade.uexp" 39
"../../../Engine/Content/EngineMaterials/T_Default_Material_Grid_N.uasset" 40
"../../../Engine/Content/EngineMaterials/T_Default_Material_Grid_N.uexp" 41
"../../../Engine/Content/EngineMaterials/T_Default_Material_Grid_N.ubulk" 42
"../../../Engine/Content/EngineMaterials/T_Default_Material_Grid_M.uasset" 43
"../../../Engine/Content/EngineMaterials/T_Default_Material_Grid_M.uexp" 44
"../../../Engine/Content/EngineMaterials/T_Default_Material_Grid_M.ubulk" 45
"../../../Engine/Content/EngineMaterials/DefaultMaterial.uasset" 46
"../../../Engine/Content/EngineMaterials/DefaultMaterial.uexp" 47
"../../../Engine/Content/BasicShapes/Sphere.uasset" 48
"../../../Engine/Content/BasicShapes/Sphere.uexp" 49
"E:/ProjectsUnrealEngine/UE4/TFG/NausTFGMultiPlayer/Content/ServerAndClient/Projectiles/ProjectileMaterial.uasset" 50
"E:/ProjectsUnrealEngine/UE4/TFG/NausTFGMultiPlayer/Content/ServerAndClient/Projectiles/ProjectileMaterial.uexp" 51
"E:/ProjectsUnrealEngine/UE4/TFG/NausTFGMultiPlayer/Content/StarterContent/Textures/T_Smoke_Tiled_D.uasset" 52
"E:/ProjectsUnrealEngine/UE4/TFG/NausTFGMultiPlayer/Content/StarterContent/Textures/T_Smoke_Tiled_D.uexp" 53
"E:/ProjectsUnrealEngine/UE4/TFG/NausTFGMultiPlayer/Content/StarterContent/Textures/T_Smoke_Tiled_D.ubulk" 54
"E:/ProjectsUnrealEngine/UE4/TFG/NausTFGMultiPlayer/Content/StarterContent/Textures/T_Smoke_SubUV.uasset" 55
"E:/ProjectsUnrealEngine/UE4/TFG/NausTFGMultiPlayer/Content/StarterContent/Textures/T_Smoke_SubUV.uexp" 56
"E:/ProjectsUnrealEngine/UE4/TFG/NausTFGMultiPlayer/Content/StarterContent/Textures/T_Smoke_SubUV.ubulk" 57
"E:/ProjectsUnrealEngine/UE4/TFG/NausTFGMultiPlayer/Content/StarterContent/Particles/Materials/M_smoke_subUV.uasset" 58
"E:/ProjectsUnrealEngine/UE4/TFG/NausTFGMultiPlayer/Content/StarterContent/Particles/Materials/M_smoke_subUV.uexp" 59
"../../../Engine/Content/Functions/Engine_MaterialFunctions01/Gradient/RadialGradient.uasset" 60
"../../../Engine/Content/Functions/Engine_MaterialFunctions01/Gradient/RadialGradient.uexp" 61
"E:/ProjectsUnrealEngine/UE4/TFG/NausTFGMultiPlayer/Content/StarterContent/Particles/Materials/M_radial_ramp.uasset" 62
"E:/ProjectsUnrealEngine/UE4/TFG/NausTFGMultiPlayer/Content/StarterContent/Particles/Materials/M_radial_ramp.uexp" 63
"E:/ProjectsUnrealEngine/UE4/TFG/NausTFGMultiPlayer/Content/StarterContent/Particles/Materials/m_flare_01.uasset" 64
"E:/ProjectsUnrealEngine/UE4/TFG/NausTFGMultiPlayer/Content/StarterContent/Particles/Materials/m_flare_01.uexp" 65
"E:/ProjectsUnrealEngine/UE4/TFG/NausTFGMultiPlayer/Content/StarterContent/Textures/T_Explosion_SubUV.uasset" 66
"E:/ProjectsUnrealEngine/UE4/TFG/NausTFGMultiPlayer/Content/StarterContent/Textures/T_Explosion_SubUV.uexp" 67
"E:/ProjectsUnrealEngine/UE4/TFG/NausTFGMultiPlayer/Content/StarterContent/Textures/T_Explosion_SubUV.ubulk" 68
"E:/ProjectsUnrealEngine/UE4/TFG/NausTFGMultiPlayer/Content/StarterContent/Particles/Materials/M_explosion_subUV.uasset" 69
"E:/ProjectsUnrealEngine/UE4/TFG/NausTFGMultiPlayer/Content/StarterContent/Particles/Materials/M_explosion_subUV.uexp" 70
"E:/ProjectsUnrealEngine/UE4/TFG/NausTFGMultiPlayer/Content/StarterContent/Textures/T_Burst_M.uasset" 71
"E:/ProjectsUnrealEngine/UE4/TFG/NausTFGMultiPlayer/Content/StarterContent/Textures/T_Burst_M.uexp" 72
"E:/ProjectsUnrealEngine/UE4/TFG/NausTFGMultiPlayer/Content/StarterContent/Textures/T_Burst_M.ubulk" 73
"E:/ProjectsUnrealEngine/UE4/TFG/NausTFGMultiPlayer/Content/StarterContent/Particles/Materials/M_Burst.uasset" 74
"E:/ProjectsUnrealEngine/UE4/TFG/NausTFGMultiPlayer/Content/StarterContent/Particles/Materials/M_Burst.uexp" 75
"E:/ProjectsUnrealEngine/UE4/TFG/NausTFGMultiPlayer/Content/StarterContent/Particles/P_Explosion.uasset" 76
"E:/ProjectsUnrealEngine/UE4/TFG/NausTFGMultiPlayer/Content/StarterContent/Particles/P_Explosion.uexp" 77
"E:/ProjectsUnrealEngine/UE4/TFG/NausTFGMultiPlayer/Content/ServerAndClient/Projectiles/BasicProjectile_BP.uasset" 78
"E:/ProjectsUnrealEngine/UE4/TFG/NausTFGMultiPlayer/Content/ServerAndClient/Projectiles/BasicProjectile_BP.uexp" 79
"E:/ProjectsUnrealEngine/UE4/TFG/NausTFGMultiPlayer/Content/StarterContent/Particles/Materials/M_Radial_Gradient.uasset" 80
"E:/ProjectsUnrealEngine/UE4/TFG/NausTFGMultiPlayer/Content/StarterContent/Particles/Materials/M_Radial_Gradient.uexp" 81
"E:/ProjectsUnrealEngine/UE4/TFG/NausTFGMultiPlayer/Content/StarterContent/Textures/T_Water_N.uasset" 82
"E:/ProjectsUnrealEngine/UE4/TFG/NausTFGMultiPlayer/Content/StarterContent/Textures/T_Water_N.uexp" 83
"E:/ProjectsUnrealEngine/UE4/TFG/NausTFGMultiPlayer/Content/StarterContent/Textures/T_Water_N.ubulk" 84
"E:/ProjectsUnrealEngine/UE4/TFG/NausTFGMultiPlayer/Content/StarterContent/Particles/Materials/M_Heat_Distortion.uasset" 85
"E:/ProjectsUnrealEngine/UE4/TFG/NausTFGMultiPlayer/Content/StarterContent/Particles/Materials/M_Heat_Distortion.uexp" 86
"E:/ProjectsUnrealEngine/UE4/TFG/NausTFGMultiPlayer/Content/StarterContent/Textures/T_Fire_Tiled_D.uasset" 87
"E:/ProjectsUnrealEngine/UE4/TFG/NausTFGMultiPlayer/Content/StarterContent/Textures/T_Fire_Tiled_D.uexp" 88
"E:/ProjectsUnrealEngine/UE4/TFG/NausTFGMultiPlayer/Content/StarterContent/Textures/T_Fire_Tiled_D.ubulk" 89
"E:/ProjectsUnrealEngine/UE4/TFG/NausTFGMultiPlayer/Content/StarterContent/Textures/T_Fire_SubUV.uasset" 90
"E:/ProjectsUnrealEngine/UE4/TFG/NausTFGMultiPlayer/Content/StarterContent/Textures/T_Fire_SubUV.uexp" 91
"E:/ProjectsUnrealEngine/UE4/TFG/NausTFGMultiPlayer/Content/StarterContent/Textures/T_Fire_SubUV.ubulk" 92
"E:/ProjectsUnrealEngine/UE4/TFG/NausTFGMultiPlayer/Content/StarterContent/Particles/Materials/M_Fire_SubUV.uasset" 93
"E:/ProjectsUnrealEngine/UE4/TFG/NausTFGMultiPlayer/Content/StarterContent/Particles/Materials/M_Fire_SubUV.uexp" 94
"E:/ProjectsUnrealEngine/UE4/TFG/NausTFGMultiPlayer/Content/StarterContent/Particles/P_Fire.uasset" 95
"E:/ProjectsUnrealEngine/UE4/TFG/NausTFGMultiPlayer/Content/StarterContent/Particles/P_Fire.uexp" 96
"../../../Engine/Content/EngineMaterials/WorldGridMaterial.uasset" 97
"../../../Engine/Content/EngineMaterials/WorldGridMaterial.uexp" 98
"../../../Engine/Content/ArtTools/RenderToTexture/Meshes/S_1_Unit_Plane.uasset" 99
"../../../Engine/Content/ArtTools/RenderToTexture/Meshes/S_1_Unit_Plane.uexp" 100
"../../../Engine/Content/BasicShapes/Cone.uasset" 101
"../../../Engine/Content/BasicShapes/Cone.uexp" 102
"../../../Engine/Content/BasicShapes/Cube.uasset" 103
"../../../Engine/Content/BasicShapes/Cube.uexp" 104
"../../../Engine/Content/BasicShapes/Plane.uasset" 105
"../../../Engine/Content/BasicShapes/Plane.uexp" 106
"../../../Engine/Content/EditorLandscapeResources/DataLayer.uasset" 107
"../../../Engine/Content/EditorLandscapeResources/DataLayer.uexp" 108
"../../../Engine/Content/EditorLandscapeResources/DefaultAlphaTexture.uasset" 109
"../../../Engine/Content/EditorLandscapeResources/DefaultAlphaTexture.uexp" 110
"../../../Engine/Content/EditorMaterials/MAT_Groups_Toggle.uasset" 111
"../../../Engine/Content/EditorMaterials/MAT_Groups_Toggle.uexp" 112
"../../../Engine/Content/EditorMaterials/MAT_Groups_Visibility.uasset" 113
"../../../Engine/Content/EditorMaterials/MAT_Groups_Visibility.uexp" 114
"../../../Engine/Content/EditorMaterials/PreviewShadowIndicator.uasset" 115
"../../../Engine/Content/EditorMaterials/PreviewShadowIndicator.uexp" 116
"../../../Engine/Content/EditorMaterials/PreviewShadowIndicator.ubulk" 117
"../../../Engine/Content/EditorMaterials/PreviewShadowIndicatorMaterial.uasset" 118
"../../../Engine/Content/EditorMaterials/PreviewShadowIndicatorMaterial.uexp" 119
"../../../Engine/Content/EditorMaterials/MatineeGroups/MAT_ColorTrack.uasset" 120
"../../../Engine/Content/EditorMaterials/MatineeGroups/MAT_ColorTrack.uexp" 121
"../../../Engine/Content/EditorMaterials/MatineeGroups/MAT_Groups_Anim.uasset" 122
"../../../Engine/Content/EditorMaterials/MatineeGroups/MAT_Groups_Anim.uexp" 123
"../../../Engine/Content/EditorMaterials/MatineeGroups/MAT_Groups_AudioMaster.uasset" 124
"../../../Engine/Content/EditorMaterials/MatineeGroups/MAT_Groups_AudioMaster.uexp" 125
"../../../Engine/Content/EditorMaterials/MatineeGroups/MAT_Groups_Director.uasset" 126
"../../../Engine/Content/EditorMaterials/MatineeGroups/MAT_Groups_Director.uexp" 127
"../../../Engine/Content/EditorMaterials/MatineeGroups/MAT_Groups_Event.uasset" 128
"../../../Engine/Content/EditorMaterials/MatineeGroups/MAT_Groups_Event.uexp" 129
"../../../Engine/Content/EditorMaterials/MatineeGroups/MAT_Groups_Fade.uasset" 130
"../../../Engine/Content/EditorMaterials/MatineeGroups/MAT_Groups_Fade.uexp" 131
"../../../Engine/Content/EditorMaterials/MatineeGroups/MAT_Groups_Float.uasset" 132
"../../../Engine/Content/EditorMaterials/MatineeGroups/MAT_Groups_Float.uexp" 133
"../../../Engine/Content/EditorMaterials/MatineeGroups/MAT_Groups_Move.uasset" 134
"../../../Engine/Content/EditorMaterials/MatineeGroups/MAT_Groups_Move.uexp" 135
"../../../Engine/Content/EditorMaterials/MatineeGroups/MAT_Groups_Slomo.uasset" 136
"../../../Engine/Content/EditorMaterials/MatineeGroups/MAT_Groups_Slomo.uexp" 137
"../../../Engine/Content/EditorMaterials/MatineeGroups/MAT_Groups_Sound.uasset" 138
"../../../Engine/Content/EditorMaterials/MatineeGroups/MAT_Groups_Sound.uexp" 139
"../../../Engine/Content/EditorMaterials/MatineeGroups/MAT_Groups_Vector.uasset" 140
"../../../Engine/Content/EditorMaterials/MatineeGroups/MAT_Groups_Vector.uexp" 141
"../../../Engine/Content/EditorMaterials/ParticleSystems/PSysThumbnail_NoImage.uasset" 142
"../../../Engine/Content/EditorMaterials/ParticleSystems/PSysThumbnail_NoImage.uexp" 143
"../../../Engine/Content/EditorMaterials/ParticleSystems/PSysThumbnail_NoImage.ubulk" 144
"../../../Engine/Content/EditorMaterials/ParticleSystems/PSysThumbnail_OOD.uasset" 145
"../../../Engine/Content/EditorMaterials/ParticleSystems/PSysThumbnail_OOD.uexp" 146
"../../../Engine/Content/EditorMaterials/ParticleSystems/PSysThumbnail_OOD.ubulk" 147
"../../../Engine/Content/EditorMaterials/Camera/CineMat.uasset" 148
"../../../Engine/Content/EditorMaterials/Camera/CineMat.uexp" 149
"../../../Engine/Content/EditorMaterials/Camera/MI_CineMat_Rig.uasset" 150
"../../../Engine/Content/EditorMaterials/Camera/MI_CineMat_Rig.uexp" 151
"../../../Engine/Content/EditorMeshes/Camera/SM_CraneRig_Arm.uasset" 152
"../../../Engine/Content/EditorMeshes/Camera/SM_CraneRig_Arm.uexp" 153
"../../../Engine/Content/EditorMeshes/Camera/SM_CraneRig_Base.uasset" 154
"../../../Engine/Content/EditorMeshes/Camera/SM_CraneRig_Base.uexp" 155
"../../../Engine/Content/EditorMeshes/Camera/SM_CraneRig_Body.uasset" 156
"../../../Engine/Content/EditorMeshes/Camera/SM_CraneRig_Body.uexp" 157
"../../../Engine/Content/EditorMeshes/Camera/SM_CraneRig_Mount.uasset" 158
"../../../Engine/Content/EditorMeshes/Camera/SM_CraneRig_Mount.uexp" 159
"../../../Engine/Content/EditorMeshes/Camera/SM_RailRig_Mount.uasset" 160
"../../../Engine/Content/EditorMeshes/Camera/SM_RailRig_Mount.uexp" 161
"../../../Engine/Content/EditorMeshes/Camera/SM_RailRig_Track.uasset" 162
"../../../Engine/Content/EditorMeshes/Camera/SM_RailRig_Track.uexp" 163
"../../../Engine/Content/EditorResources/BSPVertex.uasset" 164
"../../../Engine/Content/EditorResources/BSPVertex.uexp" 165
"../../../Engine/Content/EditorResources/EmptyActor.uasset" 166
"../../../Engine/Content/EditorResources/EmptyActor.uexp" 167
"../../../Engine/Content/EditorResources/S_Actor.uasset" 168
"../../../Engine/Content/EditorResources/S_Actor.uexp" 169
"../../../Engine/Content/EditorResources/S_Actor.ubulk" 170
"../../../Engine/Content/EditorResources/S_Note.uasset" 171
"../../../Engine/Content/EditorResources/S_Note.uexp" 172
"../../../Engine/Content/EditorResources/S_Note.ubulk" 173
"../../../Engine/Content/EditorResources/S_Solver.uasset" 174
"../../../Engine/Content/EditorResources/S_Solver.uexp" 175
"../../../Engine/Content/EditorResources/S_Solver.ubulk" 176
"../../../Engine/Content/EditorResources/S_Terrain.uasset" 177
"../../../Engine/Content/EditorResources/S_Terrain.uexp" 178
"../../../Engine/Content/EditorResources/S_Terrain.ubulk" 179
"../../../Engine/Content/EditorResources/S_Trigger.uasset" 180
"../../../Engine/Content/EditorResources/S_Trigger.uexp" 181
"../../../Engine/Content/EditorResources/S_Trigger.ubulk" 182
"../../../Engine/Content/EditorResources/LightIcons/S_LightError.uasset" 183
"../../../Engine/Content/EditorResources/LightIcons/S_LightError.uexp" 184
"../../../Engine/Content/EditorResources/SequenceRecorder/Countdown.uasset" 185
"../../../Engine/Content/EditorResources/SequenceRecorder/Countdown.uexp" 186
"../../../Engine/Content/EditorResources/SequenceRecorder/RecordingIndicator.uasset" 187
"../../../Engine/Content/EditorResources/SequenceRecorder/RecordingIndicator.uexp" 188
"../../../Engine/Content/EngineDamageTypes/DmgTypeBP_Environmental.uasset" 189
"../../../Engine/Content/EngineDamageTypes/DmgTypeBP_Environmental.uexp" 190
"../../../Engine/Content/EngineDebugMaterials/DebugEditorMaterial.uasset" 191
"../../../Engine/Content/EngineDebugMaterials/DebugEditorMaterial.uexp" 192
"../../../Engine/Content/EngineDebugMaterials/DebugMeshMaterial.uasset" 193
"../../../Engine/Content/EngineDebugMaterials/DebugMeshMaterial.uexp" 194
"../../../Engine/Content/EngineDebugMaterials/M_SimpleUnlitTranslucent.uasset" 195
"../../../Engine/Content/EngineDebugMaterials/M_SimpleUnlitTranslucent.uexp" 196
"../../../Engine/Content/EngineDebugMaterials/VolumeToRender.uasset" 197
"../../../Engine/Content/EngineDebugMaterials/VolumeToRender.uexp" 198
"../../../Engine/Content/Functions/Engine_MaterialFunctions02/Utility/CameraDirectionVector.uasset" 199
"../../../Engine/Content/Functions/Engine_MaterialFunctions02/Utility/CameraDirectionVector.uexp" 200
"../../../Engine/Content/EngineDebugMaterials/M_VolumeRenderSphereTracePP.uasset" 201
"../../../Engine/Content/EngineDebugMaterials/M_VolumeRenderSphereTracePP.uexp" 202
"../../../Engine/Content/Functions/Engine_MaterialFunctions01/Shading/ConvertFromDiffSpec.uasset" 203
"../../../Engine/Content/Functions/Engine_MaterialFunctions01/Shading/ConvertFromDiffSpec.uexp" 204
"../../../Engine/Content/EngineDebugMaterials/VertexColorMaterial.uasset" 205
"../../../Engine/Content/EngineDebugMaterials/VertexColorMaterial.uexp" 206
"../../../Engine/Content/EngineDebugMaterials/WireframeMaterial.uasset" 207
"../../../Engine/Content/EngineDebugMaterials/WireframeMaterial.uexp" 208
"../../../Engine/Content/EngineFonts/Faces/RobotoRegular.uasset" 209
"../../../Engine/Content/EngineFonts/Faces/RobotoRegular.uexp" 210
"../../../Engine/Content/EngineFonts/Faces/RobotoRegular.ufont" 211
"../../../Engine/Content/EngineFonts/Faces/RobotoLight.uasset" 212
"../../../Engine/Content/EngineFonts/Faces/RobotoLight.uexp" 213
"../../../Engine/Content/EngineFonts/Faces/RobotoLight.ufont" 214
"../../../Engine/Content/EngineFonts/Faces/RobotoItalic.uasset" 215
"../../../Engine/Content/EngineFonts/Faces/RobotoItalic.uexp" 216
"../../../Engine/Content/EngineFonts/Faces/RobotoItalic.ufont" 217
"../../../Engine/Content/EngineFonts/Faces/RobotoBoldItalic.uasset" 218
"../../../Engine/Content/EngineFonts/Faces/RobotoBoldItalic.uexp" 219
"../../../Engine/Content/EngineFonts/Faces/RobotoBoldItalic.ufont" 220
"../../../Engine/Content/EngineFonts/Faces/RobotoBold.uasset" 221
"../../../Engine/Content/EngineFonts/Faces/RobotoBold.uexp" 222
"../../../Engine/Content/EngineFonts/Faces/RobotoBold.ufont" 223
"../../../Engine/Content/EngineFonts/Faces/DroidSansFallback.uasset" 224
"../../../Engine/Content/EngineFonts/Faces/DroidSansFallback.uexp" 225
"../../../Engine/Content/EngineFonts/Faces/DroidSansFallback.ufont" 226
"../../../Engine/Content/EngineFonts/Roboto.uasset" 227
"../../../Engine/Content/EngineFonts/Roboto.uexp" 228
"../../../Engine/Content/EngineMaterials/BaseFlattenNormalMap.uasset" 229
"../../../Engine/Content/EngineMaterials/BaseFlattenNormalMap.uexp" 230
"../../../Engine/Content/EngineMaterials/BaseFlattenGrayscaleMap.uasset" 231
"../../../Engine/Content/EngineMaterials/BaseFlattenGrayscaleMap.uexp" 232
"../../../Engine/Content/EngineMaterials/BaseFlattenEmissiveMap.uasset" 233
"../../../Engine/Content/EngineMaterials/BaseFlattenEmissiveMap.uexp" 234
"../../../Engine/Content/EngineMaterials/BaseFlattenDiffuseMap.uasset" 235
"../../../Engine/Content/EngineMaterials/BaseFlattenDiffuseMap.uexp" 236
"../../../Engine/Content/EngineMaterials/BaseFlattenMaterial.uasset" 237
"../../../Engine/Content/EngineMaterials/BaseFlattenMaterial.uexp" 238
"../../../Engine/Content/EngineMaterials/BlueNoise.uasset" 239
"../../../Engine/Content/EngineMaterials/BlueNoise.uexp" 240
"../../../Engine/Content/EngineMaterials/DefaultBloomKernel.uasset" 241
"../../../Engine/Content/EngineMaterials/DefaultBloomKernel.uexp" 242
"../../../Engine/Content/EngineMaterials/DefaultBokeh.uasset" 243
"../../../Engine/Content/EngineMaterials/DefaultBokeh.uexp" 244
"../../../Engine/Content/EngineMaterials/DefaultDiffuse.uasset" 245
"../../../Engine/Content/EngineMaterials/DefaultDiffuse.uexp" 246
"../../../Engine/Content/EngineMaterials/DefaultDiffuse.ubulk" 247
"../../../Engine/Content/EngineMaterials/DefaultDeferredDecalMaterial.uasset" 248
"../../../Engine/Content/EngineMaterials/DefaultDeferredDecalMaterial.uexp" 249
"../../../Engine/Content/EngineMaterials/DefaultLightFunctionMaterial.uasset" 250
"../../../Engine/Content/EngineMaterials/DefaultLightFunctionMaterial.uexp" 251
"../../../Engine/Content/EngineMaterials/DefaultPhysicalMaterial.uasset" 252
"../../../Engine/Content/EngineMaterials/DefaultPhysicalMaterial.uexp" 253
"../../../Engine/Content/Functions/Engine_MaterialFunctions02/Utility/BreakOutFloat2Components.uasset" 254
"../../../Engine/Content/Functions/Engine_MaterialFunctions02/Utility/BreakOutFloat2Components.uexp" 255
"../../../Engine/Content/EngineMaterials/DefaultPostProcessMaterial.uasset" 256
"../../../Engine/Content/EngineMaterials/DefaultPostProcessMaterial.uexp" 257
"../../../Engine/Content/EngineFonts/RobotoDistanceField.uasset" 258
"../../../Engine/Content/EngineFonts/RobotoDistanceField.uexp" 259
"../../../Engine/Content/EngineMaterials/DefaultTextMaterialOpaque.uasset" 260
"../../../Engine/Content/EngineMaterials/DefaultTextMaterialOpaque.uexp" 261
"../../../Engine/Content/EngineMaterials/DefaultWhiteGrid.uasset" 262
"../../../Engine/Content/EngineMaterials/DefaultWhiteGrid.uexp" 263
"../../../Engine/Content/EngineMaterials/DefaultWhiteGrid.ubulk" 264
"../../../Engine/Content/EngineMaterials/DefaultWhiteGrid_Low.uasset" 265
"../../../Engine/Content/EngineMaterials/DefaultWhiteGrid_Low.uexp" 266
"../../../Engine/Content/EngineMaterials/EmissiveMeshMaterial.uasset" 267
"../../../Engine/Content/EngineMaterials/EmissiveMeshMaterial.uexp" 268
"../../../Engine/Content/EngineMaterials/GizmoMaterial.uasset" 269
"../../../Engine/Content/EngineMaterials/GizmoMaterial.uexp" 270
"../../../Engine/Content/EngineMaterials/Good64x64TilingNoiseHighFreq.uasset" 271
"../../../Engine/Content/EngineMaterials/Good64x64TilingNoiseHighFreq.uexp" 272
"../../../Engine/Content/EngineMaterials/MiniFont.uasset" 273
"../../../Engine/Content/EngineMaterials/MiniFont.uexp" 274
"../../../Engine/Content/EngineMaterials/InvalidLightmapSettings.uasset" 275
"../../../Engine/Content/EngineMaterials/InvalidLightmapSettings.uexp" 276
"../../../Engine/Content/EngineMaterials/InvalidLightmapSettings.ubulk" 277
"../../../Engine/Content/EngineMaterials/M_InvalidLightmapSettings.uasset" 278
"../../../Engine/Content/EngineMaterials/M_InvalidLightmapSettings.uexp" 279
"../../../Engine/Content/Functions/Engine_MaterialFunctions02/WorldPositionOffset/CameraOffset.uasset" 280
"../../../Engine/Content/Functions/Engine_MaterialFunctions02/WorldPositionOffset/CameraOffset.uexp" 281
"../../../Engine/Content/EngineMaterials/PhAT_JointLimitMaterial.uasset" 282
"../../../Engine/Content/EngineMaterials/PhAT_JointLimitMaterial.uexp" 283
"../../../Engine/Content/EngineMaterials/DefaultCalibrationColor.uasset" 284
"../../../Engine/Content/EngineMaterials/DefaultCalibrationColor.uexp" 285
"../../../Engine/Content/EngineMaterials/PPM_DefaultCalibrationColor.uasset" 286
"../../../Engine/Content/EngineMaterials/PPM_DefaultCalibrationColor.uexp" 287
"../../../Engine/Content/EngineMaterials/DefaultCalibrationGrayscale.uasset" 288
"../../../Engine/Content/EngineMaterials/DefaultCalibrationGrayscale.uexp" 289
"../../../Engine/Content/EngineMaterials/PPM_DefaultCalibrationGrayscale.uasset" 290
"../../../Engine/Content/EngineMaterials/PPM_DefaultCalibrationGrayscale.uexp" 291
"../../../Engine/Content/EngineMaterials/PreintegratedSkinBRDF.uasset" 292
"../../../Engine/Content/EngineMaterials/PreintegratedSkinBRDF.uexp" 293
"../../../Engine/Content/EngineMaterials/RemoveSurfaceMaterial.uasset" 294
"../../../Engine/Content/EngineMaterials/RemoveSurfaceMaterial.uexp" 295
"../../../Engine/Content/EngineMaterials/WeightMapPlaceholderTexture.uasset" 296
"../../../Engine/Content/EngineMaterials/WeightMapPlaceholderTexture.uexp" 297
"../../../Engine/Content/EngineResources/WhiteSquareTexture.uasset" 298
"../../../Engine/Content/EngineResources/WhiteSquareTexture.uexp" 299
"../../../Engine/Content/EngineMaterials/Widget3DPassThrough.uasset" 300
"../../../Engine/Content/EngineMaterials/Widget3DPassThrough.uexp" 301
"../../../Engine/Content/EngineMaterials/Widget3DPassThrough_Masked.uasset" 302
"../../../Engine/Content/EngineMaterials/Widget3DPassThrough_Masked.uexp" 303
"../../../Engine/Content/EngineMaterials/Widget3DPassThrough_Opaque.uasset" 304
"../../../Engine/Content/EngineMaterials/Widget3DPassThrough_Opaque.uexp" 305
"../../../Engine/Content/EngineMaterials/Widget3DPassThrough_Masked_OneSided.uasset" 306
"../../../Engine/Content/EngineMaterials/Widget3DPassThrough_Masked_OneSided.uexp" 307
"../../../Engine/Content/EngineMaterials/Widget3DPassThrough_Opaque_OneSided.uasset" 308
"../../../Engine/Content/EngineMaterials/Widget3DPassThrough_Opaque_OneSided.uexp" 309
"../../../Engine/Content/EngineMaterials/Widget3DPassThrough_Translucent.uasset" 310
"../../../Engine/Content/EngineMaterials/Widget3DPassThrough_Translucent.uexp" 311
"../../../Engine/Content/EngineMaterials/Widget3DPassThrough_Translucent_OneSided.uasset" 312
"../../../Engine/Content/EngineMaterials/Widget3DPassThrough_Translucent_OneSided.uexp" 313
"../../../Engine/Content/EngineMeshes/Cylinder.uasset" 314
"../../../Engine/Content/EngineMeshes/Cylinder.uexp" 315
"../../../Engine/Content/EngineMeshes/Sphere.uasset" 316
"../../../Engine/Content/EngineMeshes/Sphere.uexp" 317
"../../../Engine/Content/EngineResources/DefaultTexture.uasset" 318
"../../../Engine/Content/EngineResources/DefaultTexture.uexp" 319
"../../../Engine/Content/EngineResources/DefaultTexture.ubulk" 320
"../../../Engine/Content/EngineResources/DefaultTextureCube.uasset" 321
"../../../Engine/Content/EngineResources/DefaultTextureCube.uexp" 322
"../../../Engine/Content/EngineResources/DefaultVolumeTexture2D.uasset" 323
"../../../Engine/Content/EngineResources/DefaultVolumeTexture2D.uexp" 324
"../../../Engine/Content/EngineResources/DefaultVolumeTexture.uasset" 325
"../../../Engine/Content/EngineResources/DefaultVolumeTexture.uexp" 326
"../../../Engine/Content/EngineResources/GradientTexture0.uasset" 327
"../../../Engine/Content/EngineResources/GradientTexture0.uexp" 328
"../../../Engine/Content/EngineSky/VolumetricClouds/T_NoiseShape64.uasset" 329
"../../../Engine/Content/EngineSky/VolumetricClouds/T_NoiseShape64.uexp" 330
"../../../Engine/Content/EngineSky/VolumetricClouds/T_NoiseShape64.ubulk" 331
"../../../Engine/Content/EngineSky/VolumetricClouds/T_VolumeNoiseShape64.uasset" 332
"../../../Engine/Content/EngineSky/VolumetricClouds/T_VolumeNoiseShape64.uexp" 333
"../../../Engine/Content/EngineSky/VolumetricClouds/T_NoiseErosion.uasset" 334
"../../../Engine/Content/EngineSky/VolumetricClouds/T_NoiseErosion.uexp" 335
"../../../Engine/Content/EngineSky/VolumetricClouds/T_NoiseErosion.ubulk" 336
"../../../Engine/Content/EngineSky/VolumetricClouds/T_VolumeNoiseErosion32.uasset" 337
"../../../Engine/Content/EngineSky/VolumetricClouds/T_VolumeNoiseErosion32.uexp" 338
"../../../Engine/Content/EngineSky/VolumetricClouds/CloudWeatherTexture.uasset" 339
"../../../Engine/Content/EngineSky/VolumetricClouds/CloudWeatherTexture.uexp" 340
"../../../Engine/Content/EngineSky/VolumetricClouds/CloudGradientTexture.uasset" 341
"../../../Engine/Content/EngineSky/VolumetricClouds/CloudGradientTexture.uexp" 342
"../../../Engine/Content/Functions/Engine_MaterialFunctions02/Utility/MakeFloat2.uasset" 343
"../../../Engine/Content/Functions/Engine_MaterialFunctions02/Utility/MakeFloat2.uexp" 344
"../../../Engine/Content/EngineSky/VolumetricClouds/m_SimpleVolumetricCloud.uasset" 345
"../../../Engine/Content/EngineSky/VolumetricClouds/m_SimpleVolumetricCloud.uexp" 346
"../../../Engine/Content/EngineSky/VolumetricClouds/m_SimpleVolumetricCloud_Inst.uasset" 347
"../../../Engine/Content/EngineSky/VolumetricClouds/m_SimpleVolumetricCloud_Inst.uexp" 348
"../../../Engine/Content/EngineSounds/Master.uasset" 349
"../../../Engine/Content/EngineSounds/Master.uexp" 350
"../../../Engine/Content/Functions/Engine_MaterialFunctions01/Shading/PowerToRoughness.uasset" 351
"../../../Engine/Content/Functions/Engine_MaterialFunctions01/Shading/PowerToRoughness.uexp" 352
"../../../Engine/Content/Maps/Templates/Thumbnails/Default.uasset" 353
"../../../Engine/Content/Maps/Templates/Thumbnails/Default.uexp" 354
"../../../Engine/Content/Maps/Templates/Thumbnails/TimeOfDay.uasset" 355
"../../../Engine/Content/Maps/Templates/Thumbnails/TimeOfDay.uexp" 356
"../../../Engine/Content/Maps/Templates/Thumbnails/VR-Basic.uasset" 357
"../../../Engine/Content/Maps/Templates/Thumbnails/VR-Basic.uexp" 358
"../../../Engine/Content/MobileResources/T_MobileControls_texture.uasset" 359
"../../../Engine/Content/MobileResources/T_MobileControls_texture.uexp" 360
"../../../Engine/Content/MobileResources/T_MobileMenu2.uasset" 361
"../../../Engine/Content/MobileResources/T_MobileMenu2.uexp" 362
"../../../Engine/Content/MobileResources/HUD/AnalogHat.uasset" 363
"../../../Engine/Content/MobileResources/HUD/AnalogHat.uexp" 364
"../../../Engine/Content/MobileResources/HUD/VirtualJoystick_Thumb.uasset" 365
"../../../Engine/Content/MobileResources/HUD/VirtualJoystick_Thumb.uexp" 366
"../../../Engine/Content/MobileResources/HUD/VirtualJoystick_Background.uasset" 367
"../../../Engine/Content/MobileResources/HUD/VirtualJoystick_Background.uexp" 368
"../../../Engine/Content/MobileResources/HUD/DefaultVirtualJoysticks.uasset" 369
"../../../Engine/Content/MobileResources/HUD/DefaultVirtualJoysticks.uexp" 370
"../../../Engine/Content/MobileResources/HUD/LeftVirtualJoystickOnly.uasset" 371
"../../../Engine/Content/MobileResources/HUD/LeftVirtualJoystickOnly.uexp" 372
"../../../Engine/Content/MobileResources/HUD/MobileHUDButton1_off.uasset" 373
"../../../Engine/Content/MobileResources/HUD/MobileHUDButton1_off.uexp" 374
"../../../Engine/Content/MobileResources/HUD/MobileHUDButton1_on.uasset" 375
"../../../Engine/Content/MobileResources/HUD/MobileHUDButton1_on.uexp" 376
"../../../Engine/Content/MobileResources/HUD/MobileHUDButton2_off.uasset" 377
"../../../Engine/Content/MobileResources/HUD/MobileHUDButton2_off.uexp" 378
"../../../Engine/Content/MobileResources/HUD/MobileHUDButton2_on.uasset" 379
"../../../Engine/Content/MobileResources/HUD/MobileHUDButton2_on.uexp" 380
"../../../Engine/Content/MobileResources/HUD/MobileHUDButton3.uasset" 381
"../../../Engine/Content/MobileResources/HUD/MobileHUDButton3.uexp" 382
"../../../Engine/Content/MobileResources/HUD/MobileHUDButtonFire.uasset" 383
"../../../Engine/Content/MobileResources/HUD/MobileHUDButtonFire.uexp" 384
"../../../Engine/Content/MobileResources/HUD/MobileHUDDirectionPad.uasset" 385
"../../../Engine/Content/MobileResources/HUD/MobileHUDDirectionPad.uexp" 386
"../../../Engine/Content/MobileResources/HUD/MobileHUDDirectionPad2.uasset" 387
"../../../Engine/Content/MobileResources/HUD/MobileHUDDirectionPad2.uexp" 388
"../../../Engine/Content/MobileResources/HUD/MobileHUDDirectionPad3.uasset" 389
"../../../Engine/Content/MobileResources/HUD/MobileHUDDirectionPad3.uexp" 390
"../../../Engine/Content/MobileResources/HUD/MobileHUDDirectionStick.uasset" 391
"../../../Engine/Content/MobileResources/HUD/MobileHUDDirectionStick.uexp" 392
"../../../Engine/Content/MobileResources/HUD/T_Castle_ThumbstickInner.uasset" 393
"../../../Engine/Content/MobileResources/HUD/T_Castle_ThumbstickInner.uexp" 394
"../../../Engine/Content/MobileResources/HUD/T_Castle_ThumbstickOutter.uasset" 395
"../../../Engine/Content/MobileResources/HUD/T_Castle_ThumbstickOutter.uexp" 396
"../../../Engine/Content/Tutorial/ContentIntroCurve.uasset" 397
"../../../Engine/Content/Tutorial/ContentIntroCurve.uexp" 398
"../../../Engine/Content/VREditor/TransformGizmo/TranslucentTransformGizmoMaterial.uasset" 399
"../../../Engine/Content/VREditor/TransformGizmo/TranslucentTransformGizmoMaterial.uexp" 400
"../../../Engine/Content/VREditor/LaserPointer/VR_LaserPower_01.uasset" 401
"../../../Engine/Content/VREditor/LaserPointer/VR_LaserPower_01.uexp" 402
"../../../Engine/Content/VREditor/LaserPointer/VR_LaserPower_01.ubulk" 403
"../../../Engine/Content/VREditor/TransformGizmo/TransformGizmoMaterial.uasset" 404
"../../../Engine/Content/VREditor/TransformGizmo/TransformGizmoMaterial.uexp" 405
"../../../Engine/Content/VREditor/TransformGizmo/BoundingBoxCorner.uasset" 406
"../../../Engine/Content/VREditor/TransformGizmo/BoundingBoxCorner.uexp" 407
"../../../Engine/Content/VREditor/TransformGizmo/BoundingBoxEdge.uasset" 408
"../../../Engine/Content/VREditor/TransformGizmo/BoundingBoxEdge.uexp" 409
"../../../Engine/Content/VREditor/TransformGizmo/PlaneTranslationHandle.uasset" 410
"../../../Engine/Content/VREditor/TransformGizmo/PlaneTranslationHandle.uexp" 411
"../../../Engine/Content/VREditor/TransformGizmo/Xray.uasset" 412
"../../../Engine/Content/VREditor/TransformGizmo/Xray.uexp" 413
"../../../Engine/Content/VREditor/TransformGizmo/Main.uasset" 414
"../../../Engine/Content/VREditor/TransformGizmo/Main.uexp" 415
"../../../Engine/Content/VREditor/TransformGizmo/SM_Sequencer_Key.uasset" 416
"../../../Engine/Content/VREditor/TransformGizmo/SM_Sequencer_Key.uexp" 417
"../../../Engine/Content/VREditor/TransformGizmo/SM_Sequencer_Node.uasset" 418
"../../../Engine/Content/VREditor/TransformGizmo/SM_Sequencer_Node.uexp" 419
"../../../Engine/Plugins/2D/Paper2D/Content/PlaceholderTextures/DummySpriteTexture.uasset" 420
"../../../Engine/Plugins/2D/Paper2D/Content/PlaceholderTextures/DummySpriteTexture.uexp" 421
"../../../Engine/Plugins/2D/Paper2D/Content/PlaceholderTextures/DummySpriteTexture.ubulk" 422
"../../../Engine/Plugins/2D/Paper2D/Content/DummySprite.uasset" 423
"../../../Engine/Plugins/2D/Paper2D/Content/DummySprite.uexp" 424
"../../../Engine/Plugins/2D/Paper2D/Content/DefaultPaperTerrainMaterial.uasset" 425
"../../../Engine/Plugins/2D/Paper2D/Content/DefaultPaperTerrainMaterial.uexp" 426
"../../../Engine/Plugins/2D/Paper2D/Content/DefaultSpriteMaterial.uasset" 427
"../../../Engine/Plugins/2D/Paper2D/Content/DefaultSpriteMaterial.uexp" 428
"../../../Engine/Plugins/2D/Paper2D/Content/MaskedUnlitSpriteMaterial.uasset" 429
"../../../Engine/Plugins/2D/Paper2D/Content/MaskedUnlitSpriteMaterial.uexp" 430
"../../../Engine/Plugins/2D/Paper2D/Content/OpaqueUnlitSpriteMaterial.uasset" 431
"../../../Engine/Plugins/2D/Paper2D/Content/OpaqueUnlitSpriteMaterial.uexp" 432
"../../../Engine/Content/ArtTools/RenderToTexture/Materials/Debug/M_Emissive_Color.uasset" 433
"../../../Engine/Content/ArtTools/RenderToTexture/Materials/Debug/M_Emissive_Color.uexp" 434
"../../../Engine/Content/BasicShapes/Cylinder.uasset" 435
"../../../Engine/Content/BasicShapes/Cylinder.uexp" 436
"../../../Engine/Plugins/Lumin/MagicLeapPassableWorld/Content/MagicLeapARPinInfoActor.uasset" 437
"../../../Engine/Plugins/Lumin/MagicLeapPassableWorld/Content/MagicLeapARPinInfoActor.uexp" 438
"../../../Engine/Content/Functions/Engine_MaterialFunctions02/Utility/BreakOutFloat3Components.uasset" 439
"../../../Engine/Content/Functions/Engine_MaterialFunctions02/Utility/BreakOutFloat3Components.uexp" 440
"../../../Engine/Plugins/Editor/SpeedTreeImporter/Content/SpeedTree9/UnpackInteger3.uasset" 441
"../../../Engine/Plugins/Editor/SpeedTreeImporter/Content/SpeedTree9/UnpackInteger3.uexp" 442
"../../../Engine/Plugins/Editor/SpeedTreeImporter/Content/SpeedTree9/UnpackDirection.uasset" 443
"../../../Engine/Plugins/Editor/SpeedTreeImporter/Content/SpeedTree9/UnpackDirection.uexp" 444
"../../../Engine/Plugins/Editor/SpeedTreeImporter/Content/SpeedTree9/game_wind_noise.uasset" 445
"../../../Engine/Plugins/Editor/SpeedTreeImporter/Content/SpeedTree9/game_wind_noise.uexp" 446
"../../../Engine/Plugins/Editor/SpeedTreeImporter/Content/SpeedTree9/game_wind_noise.ubulk" 447
"../../../Engine/Content/Functions/Engine_MaterialFunctions02/SafeNormalize.uasset" 448
"../../../Engine/Content/Functions/Engine_MaterialFunctions02/SafeNormalize.uexp" 449
"../../../Engine/Plugins/Editor/SpeedTreeImporter/Content/SpeedTree9/SpeedTreeWindMotion.uasset" 450
"../../../Engine/Plugins/Editor/SpeedTreeImporter/Content/SpeedTree9/SpeedTreeWindMotion.uexp" 451
"../../../Engine/Plugins/Editor/SpeedTreeImporter/Content/SpeedTree9/SpeedTreeBranchMotion.uasset" 452
"../../../Engine/Plugins/Editor/SpeedTreeImporter/Content/SpeedTree9/SpeedTreeBranchMotion.uexp" 453
"../../../Engine/Content/Functions/Engine_MaterialFunctions02/ObjectLocalBounds.uasset" 454
"../../../Engine/Content/Functions/Engine_MaterialFunctions02/ObjectLocalBounds.uexp" 455
"../../../Engine/Content/Functions/Engine_MaterialFunctions02/UVs/BoundingBoxBased_0-1_UVW.uasset" 456
"../../../Engine/Content/Functions/Engine_MaterialFunctions02/UVs/BoundingBoxBased_0-1_UVW.uexp" 457
"../../../Engine/Content/Functions/Engine_MaterialFunctions02/Utility/VectorLength.uasset" 458
"../../../Engine/Content/Functions/Engine_MaterialFunctions02/Utility/VectorLength.uexp" 459
"../../../Engine/Content/Functions/Engine_MaterialFunctions02/WorldPositionOffset/ObjectScale.uasset" 460
"../../../Engine/Content/Functions/Engine_MaterialFunctions02/WorldPositionOffset/ObjectScale.uexp" 461
"../../../Engine/Plugins/Editor/SpeedTreeImporter/Content/SpeedTree9/SpeedTreeWind.uasset" 462
"../../../Engine/Plugins/Editor/SpeedTreeImporter/Content/SpeedTree9/SpeedTreeWind.uexp" 463
"../../../Engine/Plugins/Editor/SpeedTreeImporter/Content/SpeedTree9/SpeedTreeBillboard.uasset" 464
"../../../Engine/Plugins/Editor/SpeedTreeImporter/Content/SpeedTree9/SpeedTreeBillboard.uexp" 465
"../../../Engine/Plugins/Editor/SpeedTreeImporter/Content/SpeedTree9/EmptyNormal.uasset" 466
"../../../Engine/Plugins/Editor/SpeedTreeImporter/Content/SpeedTree9/EmptyNormal.uexp" 467
"../../../Engine/Plugins/Editor/SpeedTreeImporter/Content/SpeedTree9/Empty.uasset" 468
"../../../Engine/Plugins/Editor/SpeedTreeImporter/Content/SpeedTree9/Empty.uexp" 469
"../../../Engine/Plugins/Editor/SpeedTreeImporter/Content/SpeedTree9/SpeedTreeBillboardMaster.uasset" 470
"../../../Engine/Plugins/Editor/SpeedTreeImporter/Content/SpeedTree9/SpeedTreeBillboardMaster.uexp" 471
"../../../Engine/Plugins/Editor/SpeedTreeImporter/Content/SpeedTree9/SpeedTreeCameraFacing.uasset" 472
"../../../Engine/Plugins/Editor/SpeedTreeImporter/Content/SpeedTree9/SpeedTreeCameraFacing.uexp" 473
"../../../Engine/Plugins/Editor/SpeedTreeImporter/Content/SpeedTree9/SpeedTreeMaster.uasset" 474
"../../../Engine/Plugins/Editor/SpeedTreeImporter/Content/SpeedTree9/SpeedTreeMaster.uexp" 475
"../../../Engine/Plugins/Runtime/OpenXR/Content/Devices/GoogleDaydream/MRTexture.uasset" 476
"../../../Engine/Plugins/Runtime/OpenXR/Content/Devices/GoogleDaydream/MRTexture.uexp" 477
"../../../Engine/Plugins/Runtime/OpenXR/Content/Devices/GoogleDaydream/MRTexture.ubulk" 478
"../../../Engine/Plugins/Runtime/OpenXR/Content/Devices/GoogleDaydream/BaseTexture.uasset" 479
"../../../Engine/Plugins/Runtime/OpenXR/Content/Devices/GoogleDaydream/BaseTexture.uexp" 480
"../../../Engine/Plugins/Runtime/OpenXR/Content/Devices/GoogleDaydream/BaseTexture.ubulk" 481
"../../../Engine/Content/EngineResources/Black.uasset" 482
"../../../Engine/Content/EngineResources/Black.uexp" 483
"../../../Engine/Plugins/Runtime/OpenXR/Content/Devices/M_XRController.uasset" 484
"../../../Engine/Plugins/Runtime/OpenXR/Content/Devices/M_XRController.uexp" 485
"../../../Engine/Plugins/Runtime/OpenXR/Content/Devices/GoogleDaydream/MI_GoogleDaydream.uasset" 486
"../../../Engine/Plugins/Runtime/OpenXR/Content/Devices/GoogleDaydream/MI_GoogleDaydream.uexp" 487
"../../../Engine/Plugins/Runtime/OpenXR/Content/Devices/GoogleDaydream/GoogleDaydreamController.uasset" 488
"../../../Engine/Plugins/Runtime/OpenXR/Content/Devices/GoogleDaydream/GoogleDaydreamController.uexp" 489
"../../../Engine/Plugins/Runtime/OpenXR/Content/Devices/HTCVive/BaseTexture.uasset" 490
"../../../Engine/Plugins/Runtime/OpenXR/Content/Devices/HTCVive/BaseTexture.uexp" 491
"../../../Engine/Plugins/Runtime/OpenXR/Content/Devices/HTCVive/BaseTexture.ubulk" 492
"../../../Engine/Plugins/Runtime/OpenXR/Content/Devices/HTCVive/MI_HTCVive.uasset" 493
"../../../Engine/Plugins/Runtime/OpenXR/Content/Devices/HTCVive/MI_HTCVive.uexp" 494
"../../../Engine/Plugins/Runtime/OpenXR/Content/Devices/HTCVive/HTCViveController.uasset" 495
"../../../Engine/Plugins/Runtime/OpenXR/Content/Devices/HTCVive/HTCViveController.uexp" 496
"../../../Engine/Plugins/Runtime/OpenXR/Content/Devices/MicrosoftMixedReality/NormalTexture.uasset" 497
"../../../Engine/Plugins/Runtime/OpenXR/Content/Devices/MicrosoftMixedReality/NormalTexture.uexp" 498
"../../../Engine/Plugins/Runtime/OpenXR/Content/Devices/MicrosoftMixedReality/NormalTexture.ubulk" 499
"../../../Engine/Plugins/Runtime/OpenXR/Content/Devices/MicrosoftMixedReality/MRTexture.uasset" 500
"../../../Engine/Plugins/Runtime/OpenXR/Content/Devices/MicrosoftMixedReality/MRTexture.uexp" 501
"../../../Engine/Plugins/Runtime/OpenXR/Content/Devices/MicrosoftMixedReality/MRTexture.ubulk" 502
"../../../Engine/Plugins/Runtime/OpenXR/Content/Devices/MicrosoftMixedReality/EmissiveTexture.uasset" 503
"../../../Engine/Plugins/Runtime/OpenXR/Content/Devices/MicrosoftMixedReality/EmissiveTexture.uexp" 504
"../../../Engine/Plugins/Runtime/OpenXR/Content/Devices/MicrosoftMixedReality/EmissiveTexture.ubulk" 505
"../../../Engine/Plugins/Runtime/OpenXR/Content/Devices/MicrosoftMixedReality/BaseTexture.uasset" 506
"../../../Engine/Plugins/Runtime/OpenXR/Content/Devices/MicrosoftMixedReality/BaseTexture.uexp" 507
"../../../Engine/Plugins/Runtime/OpenXR/Content/Devices/MicrosoftMixedReality/BaseTexture.ubulk" 508
"../../../Engine/Plugins/Runtime/OpenXR/Content/Devices/MicrosoftMixedReality/MI_MicrosoftMixedReality.uasset" 509
"../../../Engine/Plugins/Runtime/OpenXR/Content/Devices/MicrosoftMixedReality/MI_MicrosoftMixedReality.uexp" 510
"../../../Engine/Plugins/Runtime/OpenXR/Content/Devices/MicrosoftMixedReality/Left/left_MicrosoftMixedRealityController.uasset" 511
"../../../Engine/Plugins/Runtime/OpenXR/Content/Devices/MicrosoftMixedReality/Left/left_MicrosoftMixedRealityController.uexp" 512
"../../../Engine/Plugins/Runtime/OpenXR/Content/Devices/MicrosoftMixedReality/Right/right_MicrosoftMixedRealityController.uasset" 513
"../../../Engine/Plugins/Runtime/OpenXR/Content/Devices/MicrosoftMixedReality/Right/right_MicrosoftMixedRealityController.uexp" 514
"../../../Engine/Plugins/Runtime/OpenXR/Content/Devices/OculusGo/BaseTexture.uasset" 515
"../../../Engine/Plugins/Runtime/OpenXR/Content/Devices/OculusGo/BaseTexture.uexp" 516
"../../../Engine/Plugins/Runtime/OpenXR/Content/Devices/OculusGo/BaseTexture.ubulk" 517
"../../../Engine/Plugins/Runtime/OpenXR/Content/Devices/OculusGo/MI_OculusGo.uasset" 518
"../../../Engine/Plugins/Runtime/OpenXR/Content/Devices/OculusGo/MI_OculusGo.uexp" 519
"../../../Engine/Plugins/Runtime/OpenXR/Content/Devices/OculusGo/OculusGoController.uasset" 520
"../../../Engine/Plugins/Runtime/OpenXR/Content/Devices/OculusGo/OculusGoController.uexp" 521
"../../../Engine/Plugins/Runtime/OpenXR/Content/Devices/OculusTouch/MRTexture.uasset" 522
"../../../Engine/Plugins/Runtime/OpenXR/Content/Devices/OculusTouch/MRTexture.uexp" 523
"../../../Engine/Plugins/Runtime/OpenXR/Content/Devices/OculusTouch/MRTexture.ubulk" 524
"../../../Engine/Plugins/Runtime/OpenXR/Content/Devices/OculusTouch/BaseTexture.uasset" 525
"../../../Engine/Plugins/Runtime/OpenXR/Content/Devices/OculusTouch/BaseTexture.uexp" 526
"../../../Engine/Plugins/Runtime/OpenXR/Content/Devices/OculusTouch/BaseTexture.ubulk" 527
"../../../Engine/Plugins/Runtime/OpenXR/Content/Devices/OculusTouch/MI_OculusTouch.uasset" 528
"../../../Engine/Plugins/Runtime/OpenXR/Content/Devices/OculusTouch/MI_OculusTouch.uexp" 529
"../../../Engine/Plugins/Runtime/OpenXR/Content/Devices/OculusTouch/Left/left_OculusTouchController.uasset" 530
"../../../Engine/Plugins/Runtime/OpenXR/Content/Devices/OculusTouch/Left/left_OculusTouchController.uexp" 531
"../../../Engine/Plugins/Runtime/OpenXR/Content/Devices/OculusTouch/Right/right_OculusTouchController.uasset" 532
"../../../Engine/Plugins/Runtime/OpenXR/Content/Devices/OculusTouch/Right/right_OculusTouchController.uexp" 533
"../../../Engine/Plugins/Runtime/OpenXR/Content/Devices/OculusTouch_v2/MRTexture.uasset" 534
"../../../Engine/Plugins/Runtime/OpenXR/Content/Devices/OculusTouch_v2/MRTexture.uexp" 535
"../../../Engine/Plugins/Runtime/OpenXR/Content/Devices/OculusTouch_v2/MRTexture.ubulk" 536
"../../../Engine/Plugins/Runtime/OpenXR/Content/Devices/OculusTouch_v2/BaseTexture.uasset" 537
"../../../Engine/Plugins/Runtime/OpenXR/Content/Devices/OculusTouch_v2/BaseTexture.uexp" 538
"../../../Engine/Plugins/Runtime/OpenXR/Content/Devices/OculusTouch_v2/BaseTexture.ubulk" 539
"../../../Engine/Plugins/Runtime/OpenXR/Content/Devices/OculusTouch_v2/MI_OculusTouch_v2.uasset" 540
"../../../Engine/Plugins/Runtime/OpenXR/Content/Devices/OculusTouch_v2/MI_OculusTouch_v2.uexp" 541
"../../../Engine/Plugins/Runtime/OpenXR/Content/Devices/OculusTouch_v2/Left/left_OculusTouch_v2Controller.uasset" 542
"../../../Engine/Plugins/Runtime/OpenXR/Content/Devices/OculusTouch_v2/Left/left_OculusTouch_v2Controller.uexp" 543
"../../../Engine/Plugins/Runtime/OpenXR/Content/Devices/OculusTouch_v2/Right/right_OculusTouch_v2Controller.uasset" 544
"../../../Engine/Plugins/Runtime/OpenXR/Content/Devices/OculusTouch_v2/Right/right_OculusTouch_v2Controller.uexp" 545
"../../../Engine/Plugins/Runtime/OpenXR/Content/Devices/OculusTouch_v3/MRTexture.uasset" 546
"../../../Engine/Plugins/Runtime/OpenXR/Content/Devices/OculusTouch_v3/MRTexture.uexp" 547
"../../../Engine/Plugins/Runtime/OpenXR/Content/Devices/OculusTouch_v3/MRTexture.ubulk" 548
"../../../Engine/Plugins/Runtime/OpenXR/Content/Devices/OculusTouch_v3/BaseTexture.uasset" 549
"../../../Engine/Plugins/Runtime/OpenXR/Content/Devices/OculusTouch_v3/BaseTexture.uexp" 550
"../../../Engine/Plugins/Runtime/OpenXR/Content/Devices/OculusTouch_v3/BaseTexture.ubulk" 551
"../../../Engine/Plugins/Runtime/OpenXR/Content/Devices/OculusTouch_v3/MI_OculusTouch_v3.uasset" 552
"../../../Engine/Plugins/Runtime/OpenXR/Content/Devices/OculusTouch_v3/MI_OculusTouch_v3.uexp" 553
"../../../Engine/Plugins/Runtime/OpenXR/Content/Devices/OculusTouch_v3/Left/left_OculusTouch_v3Controller.uasset" 554
"../../../Engine/Plugins/Runtime/OpenXR/Content/Devices/OculusTouch_v3/Left/left_OculusTouch_v3Controller.uexp" 555
"../../../Engine/Plugins/Runtime/OpenXR/Content/Devices/OculusTouch_v3/Right/right_OculusTouch_v3Controller.uasset" 556
"../../../Engine/Plugins/Runtime/OpenXR/Content/Devices/OculusTouch_v3/Right/right_OculusTouch_v3Controller.uexp" 557
"../../../Engine/Plugins/Runtime/OpenXR/Content/Devices/ValveIndex/MRTexture.uasset" 558
"../../../Engine/Plugins/Runtime/OpenXR/Content/Devices/ValveIndex/MRTexture.uexp" 559
"../../../Engine/Plugins/Runtime/OpenXR/Content/Devices/ValveIndex/MRTexture.ubulk" 560
"../../../Engine/Plugins/Runtime/OpenXR/Content/Devices/ValveIndex/BaseTexture.uasset" 561
"../../../Engine/Plugins/Runtime/OpenXR/Content/Devices/ValveIndex/BaseTexture.uexp" 562
"../../../Engine/Plugins/Runtime/OpenXR/Content/Devices/ValveIndex/BaseTexture.ubulk" 563
"../../../Engine/Plugins/Runtime/OpenXR/Content/Devices/ValveIndex/Left/MI_left_ValveIndex.uasset" 564
"../../../Engine/Plugins/Runtime/OpenXR/Content/Devices/ValveIndex/Left/MI_left_ValveIndex.uexp" 565
"../../../Engine/Plugins/Runtime/OpenXR/Content/Devices/ValveIndex/Left/left_ValveIndexController.uasset" 566
"../../../Engine/Plugins/Runtime/OpenXR/Content/Devices/ValveIndex/Left/left_ValveIndexController.uexp" 567
"../../../Engine/Plugins/Runtime/OpenXR/Content/Devices/ValveIndex/Right/MI_right_ValveIndex.uasset" 568
"../../../Engine/Plugins/Runtime/OpenXR/Content/Devices/ValveIndex/Right/MI_right_ValveIndex.uexp" 569
"../../../Engine/Plugins/Runtime/OpenXR/Content/Devices/ValveIndex/Right/right_ValveIndexController.uasset" 570
"../../../Engine/Plugins/Runtime/OpenXR/Content/Devices/ValveIndex/Right/right_ValveIndexController.uexp" 571
"../../../Engine/Content/Functions/Engine_MaterialFunctions02/Utility/BreakOutFloat4Components.uasset" 572
"../../../Engine/Content/Functions/Engine_MaterialFunctions02/Utility/BreakOutFloat4Components.uexp" 573
"../../../Engine/Content/Functions/Engine_MaterialFunctions02/Utility/MakeFloat3.uasset" 574
"../../../Engine/Content/Functions/Engine_MaterialFunctions02/Utility/MakeFloat3.uexp" 575
"../../../Engine/Plugins/Runtime/Oculus/OculusVR/Content/Materials/OculusMR_ChromaKey.uasset" 576
"../../../Engine/Plugins/Runtime/Oculus/OculusVR/Content/Materials/OculusMR_ChromaKey.uexp" 577
"../../../Engine/Plugins/Runtime/Oculus/OculusVR/Content/Materials/OculusMR_OpaqueColoredMaterial.uasset" 578
"../../../Engine/Plugins/Runtime/Oculus/OculusVR/Content/Materials/OculusMR_OpaqueColoredMaterial.uexp" 579
"../../../Engine/Plugins/Runtime/Oculus/OculusVR/Content/Materials/PokeAHoleMaterial.uasset" 580
"../../../Engine/Plugins/Runtime/Oculus/OculusVR/Content/Materials/PokeAHoleMaterial.uexp" 581
"../../../Engine/Plugins/Runtime/Oculus/OculusVR/Content/Textures/touchController_controlmap.uasset" 582
"../../../Engine/Plugins/Runtime/Oculus/OculusVR/Content/Textures/touchController_controlmap.uexp" 583
"../../../Engine/Plugins/Runtime/Oculus/OculusVR/Content/Textures/touchController_controlmap.ubulk" 584
"../../../Engine/Plugins/Runtime/Oculus/OculusVR/Content/Textures/touchController_albedo.uasset" 585
"../../../Engine/Plugins/Runtime/Oculus/OculusVR/Content/Textures/touchController_albedo.uexp" 586
"../../../Engine/Plugins/Runtime/Oculus/OculusVR/Content/Textures/touchController_albedo.ubulk" 587
"../../../Engine/Plugins/Runtime/Oculus/OculusVR/Content/Materials/touchController_mat.uasset" 588
"../../../Engine/Plugins/Runtime/Oculus/OculusVR/Content/Materials/touchController_mat.uexp" 589
"../../../Engine/Plugins/Runtime/Oculus/OculusVR/Content/Meshes/LeftTouchController.uasset" 590
"../../../Engine/Plugins/Runtime/Oculus/OculusVR/Content/Meshes/LeftTouchController.uexp" 591
"../../../Engine/Plugins/Runtime/Oculus/OculusVR/Content/Textures/TouchForQuestRiftSController_albedo.uasset" 592
"../../../Engine/Plugins/Runtime/Oculus/OculusVR/Content/Textures/TouchForQuestRiftSController_albedo.uexp" 593
"../../../Engine/Plugins/Runtime/Oculus/OculusVR/Content/Textures/TouchForQuestRiftSController_albedo.ubulk" 594
"../../../Engine/Plugins/Runtime/Oculus/OculusVR/Content/Materials/TouchForQuestRiftSControllerMaterial.uasset" 595
"../../../Engine/Plugins/Runtime/Oculus/OculusVR/Content/Materials/TouchForQuestRiftSControllerMaterial.uexp" 596
"../../../Engine/Plugins/Runtime/Oculus/OculusVR/Content/Meshes/LeftTouchForQuestRiftSController.uasset" 597
"../../../Engine/Plugins/Runtime/Oculus/OculusVR/Content/Meshes/LeftTouchForQuestRiftSController.uexp" 598
"../../../Engine/Plugins/Runtime/Oculus/OculusVR/Content/Meshes/RiftHMD.uasset" 599
"../../../Engine/Plugins/Runtime/Oculus/OculusVR/Content/Meshes/RiftHMD.uexp" 600
"../../../Engine/Plugins/Runtime/Oculus/OculusVR/Content/Meshes/RightTouchController.uasset" 601
"../../../Engine/Plugins/Runtime/Oculus/OculusVR/Content/Meshes/RightTouchController.uexp" 602
"../../../Engine/Plugins/Runtime/Oculus/OculusVR/Content/Meshes/RightTouchForQuestRiftSController.uasset" 603
"../../../Engine/Plugins/Runtime/Oculus/OculusVR/Content/Meshes/RightTouchForQuestRiftSController.uexp" 604
"E:/ProjectsUnrealEngine/UE4/TFG/NausTFGMultiPlayer/Content/Levels/GameLevels/TestGameLevel_BuiltData.uasset" 605
"E:/ProjectsUnrealEngine/UE4/TFG/NausTFGMultiPlayer/Content/Levels/GameLevels/TestGameLevel_BuiltData.uexp" 606
"E:/ProjectsUnrealEngine/UE4/TFG/NausTFGMultiPlayer/Content/Levels/GameLevels/TestGameLevel_BuiltData.ubulk" 607
"E:/ProjectsUnrealEngine/UE4/TFG/NausTFGMultiPlayer/Content/Assets/Meshes/SpaceShips/Player/Material_001.uasset" 608
"E:/ProjectsUnrealEngine/UE4/TFG/NausTFGMultiPlayer/Content/Assets/Meshes/SpaceShips/Player/Material_001.uexp" 609
"E:/ProjectsUnrealEngine/UE4/TFG/NausTFGMultiPlayer/Content/Assets/Meshes/SpaceShips/Player/Material_002.uasset" 610
"E:/ProjectsUnrealEngine/UE4/TFG/NausTFGMultiPlayer/Content/Assets/Meshes/SpaceShips/Player/Material_002.uexp" 611
"E:/ProjectsUnrealEngine/UE4/TFG/NausTFGMultiPlayer/Content/Assets/Meshes/SpaceShips/Player/Material_003.uasset" 612
"E:/ProjectsUnrealEngine/UE4/TFG/NausTFGMultiPlayer/Content/Assets/Meshes/SpaceShips/Player/Material_003.uexp" 613
"E:/ProjectsUnrealEngine/UE4/TFG/NausTFGMultiPlayer/Content/Assets/Meshes/SpaceShips/Player/spaceshipmain.uasset" 614
"E:/ProjectsUnrealEngine/UE4/TFG/NausTFGMultiPlayer/Content/Assets/Meshes/SpaceShips/Player/spaceshipmain.uexp" 615
"E:/ProjectsUnrealEngine/UE4/TFG/NausTFGMultiPlayer/Content/ServerAndClient/Pawns/PilotActionPawn_BP.uasset" 616
"E:/ProjectsUnrealEngine/UE4/TFG/NausTFGMultiPlayer/Content/ServerAndClient/Pawns/PilotActionPawn_BP.uexp" 617
"../../../Engine/Content/Functions/Engine_MaterialFunctions02/3PointLevels.uasset" 618
"../../../Engine/Content/Functions/Engine_MaterialFunctions02/3PointLevels.uexp" 619
"E:/ProjectsUnrealEngine/UE4/TFG/NausTFGMultiPlayer/Content/Levels/MenuLevels/GraphicLevels/Images/skyBoxDefinitivo.uasset" 620
"E:/ProjectsUnrealEngine/UE4/TFG/NausTFGMultiPlayer/Content/Levels/MenuLevels/GraphicLevels/Images/skyBoxDefinitivo.uexp" 621
"E:/ProjectsUnrealEngine/UE4/TFG/NausTFGMultiPlayer/Content/Levels/MenuLevels/GraphicLevels/Materials/SpaceParameters.uasset" 622
"E:/ProjectsUnrealEngine/UE4/TFG/NausTFGMultiPlayer/Content/Levels/MenuLevels/GraphicLevels/Materials/SpaceParameters.uexp" 623
"E:/ProjectsUnrealEngine/UE4/TFG/NausTFGMultiPlayer/Content/Levels/MenuLevels/GraphicLevels/Materials/MainLevelSkyBoxMaterial.uasset" 624
"E:/ProjectsUnrealEngine/UE4/TFG/NausTFGMultiPlayer/Content/Levels/MenuLevels/GraphicLevels/Materials/MainLevelSkyBoxMaterial.uexp" 625
"../../../Engine/Content/MapTemplates/Sky/T_UDK_Sky_CloudMask01_N.uasset" 626
"../../../Engine/Content/MapTemplates/Sky/T_UDK_Sky_CloudMask01_N.uexp" 627
"../../../Engine/Content/MapTemplates/Sky/T_UDK_Sky_CloudMask01_N.ubulk" 628
"../../../Engine/Content/MapTemplates/Sky/T_Sky_Stars.uasset" 629
"../../../Engine/Content/MapTemplates/Sky/T_Sky_Stars.uexp" 630
"../../../Engine/Content/MapTemplates/Sky/T_Sky_Stars.ubulk" 631
"../../../Engine/Content/MapTemplates/T_UDK_Sky_CloudMask03.uasset" 632
"../../../Engine/Content/MapTemplates/T_UDK_Sky_CloudMask03.uexp" 633
"../../../Engine/Content/MapTemplates/T_UDK_Sky_CloudMask03.ubulk" 634
"../../../Engine/Content/MapTemplates/Sky/M_Procedural_Sky_MASTER02.uasset" 635
"../../../Engine/Content/MapTemplates/Sky/M_Procedural_Sky_MASTER02.uexp" 636
"../../../Engine/Content/MapTemplates/Sky/SM_SkySphere.uasset" 637
"../../../Engine/Content/MapTemplates/Sky/SM_SkySphere.uexp" 638
"E:/ProjectsUnrealEngine/UE4/TFG/NausTFGMultiPlayer/Content/Levels/MenuLevels/GraphicLevels/Blueprints/MainMenuSkyBox_BP.uasset" 639
"E:/ProjectsUnrealEngine/UE4/TFG/NausTFGMultiPlayer/Content/Levels/MenuLevels/GraphicLevels/Blueprints/MainMenuSkyBox_BP.uexp" 640
"E:/ProjectsUnrealEngine/UE4/TFG/NausTFGMultiPlayer/Content/Levels/GameLevels/TestGameLevel.uexp" 641
"E:/ProjectsUnrealEngine/UE4/TFG/NausTFGMultiPlayer/Content/Levels/GameLevels/TestGameLevel.umap" 642
"E:/ProjectsUnrealEngine/UE4/TFG/NausTFGMultiPlayer/Content/Levels/MenuLevels/InitMenuLevel_BuiltData.uasset" 643
"E:/ProjectsUnrealEngine/UE4/TFG/NausTFGMultiPlayer/Content/Levels/MenuLevels/InitMenuLevel_BuiltData.uexp" 644
"E:/ProjectsUnrealEngine/UE4/TFG/NausTFGMultiPlayer/Content/Levels/MenuLevels/InitMenuLevel.uexp" 645
"E:/ProjectsUnrealEngine/UE4/TFG/NausTFGMultiPlayer/Content/Levels/MenuLevels/InitMenuLevel.umap" 646
"E:/ProjectsUnrealEngine/UE4/TFG/NausTFGMultiPlayer/Content/Levels/MenuLevels/GraphicLevels/Meshes/MainMenuMountain.uasset" 647
"E:/ProjectsUnrealEngine/UE4/TFG/NausTFGMultiPlayer/Content/Levels/MenuLevels/GraphicLevels/Meshes/MainMenuMountain.uexp" 648
"E:/ProjectsUnrealEngine/UE4/TFG/NausTFGMultiPlayer/Content/Levels/MenuLevels/MainMenuLevel_BuiltData.uasset" 649
"E:/ProjectsUnrealEngine/UE4/TFG/NausTFGMultiPlayer/Content/Levels/MenuLevels/MainMenuLevel_BuiltData.uexp" 650
"E:/ProjectsUnrealEngine/UE4/TFG/NausTFGMultiPlayer/Content/Levels/MenuLevels/MainMenuLevel_BuiltData.ubulk" 651
"E:/ProjectsUnrealEngine/UE4/TFG/NausTFGMultiPlayer/Content/Levels/MenuLevels/MainMenuLevel.uexp" 652
"E:/ProjectsUnrealEngine/UE4/TFG/NausTFGMultiPlayer/Content/Levels/MenuLevels/MainMenuLevel.umap" 653
