"E:/ProjectsUnrealEngine/UE4/TFG/NausTFGMultiPlayer/Content/Assets/Sounds/LaserShot/laser-14792.uasset" 0
"E:/ProjectsUnrealEngine/UE4/TFG/NausTFGMultiPlayer/Content/Assets/Sounds/LaserShot/laser-14792.uexp" 1
"E:/ProjectsUnrealEngine/UE4/TFG/NausTFGMultiPlayer/Content/Assets/Sounds/LaserShot/laserShot.uasset" 2
"E:/ProjectsUnrealEngine/UE4/TFG/NausTFGMultiPlayer/Content/Assets/Sounds/LaserShot/laserShot.uexp" 3
"E:/ProjectsUnrealEngine/UE4/TFG/NausTFGMultiPlayer/Content/Assets/Sounds/Menu/MainMenu/mainMenuEpicMusic.uasset" 4
"E:/ProjectsUnrealEngine/UE4/TFG/NausTFGMultiPlayer/Content/Assets/Sounds/Menu/MainMenu/mainMenuEpicMusic.uexp" 5
"E:/ProjectsUnrealEngine/UE4/TFG/NausTFGMultiPlayer/Content/Assets/Sounds/Menu/MainMenu/mainMenuMusicCue.uasset" 6
"E:/ProjectsUnrealEngine/UE4/TFG/NausTFGMultiPlayer/Content/Assets/Sounds/Menu/MainMenu/mainMenuMusicCue.uexp" 7
"E:/ProjectsUnrealEngine/UE4/TFG/NausTFGMultiPlayer/Content/Assets/Sounds/Space/Ambient/spaceAmbient.uasset" 8
"E:/ProjectsUnrealEngine/UE4/TFG/NausTFGMultiPlayer/Content/Assets/Sounds/Space/Ambient/spaceAmbient.uexp" 9
"E:/ProjectsUnrealEngine/UE4/TFG/NausTFGMultiPlayer/Content/Assets/Sounds/Space/Ambient/SpaceAmbientCue.uasset" 10
"E:/ProjectsUnrealEngine/UE4/TFG/NausTFGMultiPlayer/Content/Assets/Sounds/Space/Ambient/SpaceAmbientCue.uexp" 11
"E:/ProjectsUnrealEngine/UE4/TFG/NausTFGMultiPlayer/Content/Client/GUI/HUD/Images/TestCrosshair.uasset" 12
"E:/ProjectsUnrealEngine/UE4/TFG/NausTFGMultiPlayer/Content/Client/GUI/HUD/Images/TestCrosshair.uexp" 13
"E:/ProjectsUnrealEngine/UE4/TFG/NausTFGMultiPlayer/Content/Client/GUI/HUD/ArtilleryHUD_BP.uasset" 14
"E:/ProjectsUnrealEngine/UE4/TFG/NausTFGMultiPlayer/Content/Client/GUI/HUD/ArtilleryHUD_BP.uexp" 15
"E:/ProjectsUnrealEngine/UE4/TFG/NausTFGMultiPlayer/Content/Client/GUI/HUD/PilotHUD_BP.uasset" 16
"E:/ProjectsUnrealEngine/UE4/TFG/NausTFGMultiPlayer/Content/Client/GUI/HUD/PilotHUD_BP.uexp" 17
"E:/ProjectsUnrealEngine/UE4/TFG/NausTFGMultiPlayer/Content/Client/GUI/HUD/GameState/GameStateHUD_BP.uasset" 18
"E:/ProjectsUnrealEngine/UE4/TFG/NausTFGMultiPlayer/Content/Client/GUI/HUD/GameState/GameStateHUD_BP.uexp" 19
"E:/ProjectsUnrealEngine/UE4/TFG/NausTFGMultiPlayer/Content/Client/GUI/Menus/InitMenu/Images/InitMenuBackGroundImage.uasset" 20
"E:/ProjectsUnrealEngine/UE4/TFG/NausTFGMultiPlayer/Content/Client/GUI/Menus/InitMenu/Images/InitMenuBackGroundImage.uexp" 21
"E:/ProjectsUnrealEngine/UE4/TFG/NausTFGMultiPlayer/Content/Client/GUI/Menus/InitMenu/Images/initMenu.uasset" 22
"E:/ProjectsUnrealEngine/UE4/TFG/NausTFGMultiPlayer/Content/Client/GUI/Menus/InitMenu/Images/initMenu.uexp" 23
"E:/ProjectsUnrealEngine/UE4/TFG/NausTFGMultiPlayer/Content/Client/GUI/Menus/InitMenu/InitMenu_BP.uasset" 24
"E:/ProjectsUnrealEngine/UE4/TFG/NausTFGMultiPlayer/Content/Client/GUI/Menus/InitMenu/InitMenu_BP.uexp" 25
"E:/ProjectsUnrealEngine/UE4/TFG/NausTFGMultiPlayer/Content/Client/GUI/Menus/MainMenu/MainMenu_BP.uasset" 26
"E:/ProjectsUnrealEngine/UE4/TFG/NausTFGMultiPlayer/Content/Client/GUI/Menus/MainMenu/MainMenu_BP.uexp" 27
"E:/ProjectsUnrealEngine/UE4/TFG/NausTFGMultiPlayer/Content/Assets/Sounds/SoundAttenuations/ShotSoundAttenuation_BP.uasset" 28
"E:/ProjectsUnrealEngine/UE4/TFG/NausTFGMultiPlayer/Content/Assets/Sounds/SoundAttenuations/ShotSoundAttenuation_BP.uexp" 29
"E:/ProjectsUnrealEngine/UE4/TFG/NausTFGMultiPlayer/Content/Assets/Sounds/LaserShot/bulletImpact.uasset" 30
"E:/ProjectsUnrealEngine/UE4/TFG/NausTFGMultiPlayer/Content/Assets/Sounds/LaserShot/bulletImpact.uexp" 31
"E:/ProjectsUnrealEngine/UE4/TFG/NausTFGMultiPlayer/Content/Assets/Sounds/LaserShot/bulletImpacteCue.uasset" 32
"E:/ProjectsUnrealEngine/UE4/TFG/NausTFGMultiPlayer/Content/Assets/Sounds/LaserShot/bulletImpacteCue.uexp" 33
"E:/ProjectsUnrealEngine/UE4/TFG/NausTFGMultiPlayer/Content/Client/Sounds/SoundsController_BP.uasset" 34
"E:/ProjectsUnrealEngine/UE4/TFG/NausTFGMultiPlayer/Content/Client/Sounds/SoundsController_BP.uexp" 35
"E:/ProjectsUnrealEngine/UE4/TFG/NausTFGMultiPlayer/Content/ServerAndClient/Pawns/ArtilleryActionPawn_BP.uasset" 36
"E:/ProjectsUnrealEngine/UE4/TFG/NausTFGMultiPlayer/Content/ServerAndClient/Pawns/ArtilleryActionPawn_BP.uexp" 37
"E:/ProjectsUnrealEngine/UE4/TFG/NausTFGMultiPlayer/Content/Assets/Meshes/SpaceShips/enemy/Wing.uasset" 38
"E:/ProjectsUnrealEngine/UE4/TFG/NausTFGMultiPlayer/Content/Assets/Meshes/SpaceShips/enemy/Wing.uexp" 39
"E:/ProjectsUnrealEngine/UE4/TFG/NausTFGMultiPlayer/Content/Assets/Meshes/SpaceShips/enemy/EnemyTop.uasset" 40
"E:/ProjectsUnrealEngine/UE4/TFG/NausTFGMultiPlayer/Content/Assets/Meshes/SpaceShips/enemy/EnemyTop.uexp" 41
"E:/ProjectsUnrealEngine/UE4/TFG/NausTFGMultiPlayer/Content/Assets/Meshes/SpaceShips/enemy/EnemyEngine_Seg1.uasset" 42
"E:/ProjectsUnrealEngine/UE4/TFG/NausTFGMultiPlayer/Content/Assets/Meshes/SpaceShips/enemy/EnemyEngine_Seg1.uexp" 43
"E:/ProjectsUnrealEngine/UE4/TFG/NausTFGMultiPlayer/Content/Assets/Meshes/SpaceShips/enemy/EnemyEngine.uasset" 44
"E:/ProjectsUnrealEngine/UE4/TFG/NausTFGMultiPlayer/Content/Assets/Meshes/SpaceShips/enemy/EnemyEngine.uexp" 45
"E:/ProjectsUnrealEngine/UE4/TFG/NausTFGMultiPlayer/Content/Assets/Meshes/SpaceShips/enemy/EnemyBody.uasset" 46
"E:/ProjectsUnrealEngine/UE4/TFG/NausTFGMultiPlayer/Content/Assets/Meshes/SpaceShips/enemy/EnemyBody.uexp" 47
"E:/ProjectsUnrealEngine/UE4/TFG/NausTFGMultiPlayer/Content/Assets/Meshes/SpaceShips/enemy/EnemySide.uasset" 48
"E:/ProjectsUnrealEngine/UE4/TFG/NausTFGMultiPlayer/Content/Assets/Meshes/SpaceShips/enemy/EnemySide.uexp" 49
"E:/ProjectsUnrealEngine/UE4/TFG/NausTFGMultiPlayer/Content/Assets/Meshes/SpaceShips/enemy/enemy.uasset" 50
"E:/ProjectsUnrealEngine/UE4/TFG/NausTFGMultiPlayer/Content/Assets/Meshes/SpaceShips/enemy/enemy.uexp" 51
"E:/ProjectsUnrealEngine/UE4/TFG/NausTFGMultiPlayer/Content/ServerAndClient/Pawns/EnemyActionPawn_BP.uasset" 52
"E:/ProjectsUnrealEngine/UE4/TFG/NausTFGMultiPlayer/Content/ServerAndClient/Pawns/EnemyActionPawn_BP.uexp" 53
"../../../Engine/Plugins/FX/Niagara/Content/VectorFields/Assets/TilingCurl32.uasset" 54
"../../../Engine/Plugins/FX/Niagara/Content/VectorFields/Assets/TilingCurl32.uexp" 55
"../../../Engine/Plugins/FX/Niagara/Content/Enums/ENiagaraScaleColorMode.uasset" 56
"../../../Engine/Plugins/FX/Niagara/Content/Enums/ENiagaraScaleColorMode.uexp" 57
"../../../Engine/Plugins/FX/Niagara/Content/VectorFields/Assets/TilingCurl64.uasset" 58
"../../../Engine/Plugins/FX/Niagara/Content/VectorFields/Assets/TilingCurl64.uexp" 59
"../../../Engine/Plugins/FX/Niagara/Content/VectorFields/Assets/TilingCurl16.uasset" 60
"../../../Engine/Plugins/FX/Niagara/Content/VectorFields/Assets/TilingCurl16.uexp" 61
"../../../Engine/Plugins/FX/Niagara/Content/Functions/DirectionAndLengthSafe.uasset" 62
"../../../Engine/Plugins/FX/Niagara/Content/Functions/DirectionAndLengthSafe.uexp" 63
"../../../Engine/Plugins/FX/Niagara/Content/Functions/Localspace/SimulationPosition.uasset" 64
"../../../Engine/Plugins/FX/Niagara/Content/Functions/Localspace/SimulationPosition.uexp" 65
"../../../Engine/Plugins/FX/Niagara/Content/Functions/Localspace/TransformBase.uasset" 66
"../../../Engine/Plugins/FX/Niagara/Content/Functions/Localspace/TransformBase.uexp" 67
"../../../Engine/Plugins/FX/Niagara/Content/Functions/Localspace/TransformPosition.uasset" 68
"../../../Engine/Plugins/FX/Niagara/Content/Functions/Localspace/TransformPosition.uexp" 69
"../../../Engine/Plugins/FX/Niagara/Content/Functions/Localspace/TransformVector.uasset" 70
"../../../Engine/Plugins/FX/Niagara/Content/Functions/Localspace/TransformVector.uexp" 71
"../../../Engine/Plugins/FX/Niagara/Content/Functions/FindAngleBetweenVectors.uasset" 72
"../../../Engine/Plugins/FX/Niagara/Content/Functions/FindAngleBetweenVectors.uexp" 73
"../../../Engine/Plugins/FX/Niagara/Content/Functions/V2/RemapRange.uasset" 74
"../../../Engine/Plugins/FX/Niagara/Content/Functions/V2/RemapRange.uexp" 75
"../../../Engine/Plugins/FX/Niagara/Content/Functions/V2/ConeMask.uasset" 76
"../../../Engine/Plugins/FX/Niagara/Content/Functions/V2/ConeMask.uexp" 77
"../../../Engine/Plugins/FX/Niagara/Content/Enums/ENiagaraCurlNoiseQuality.uasset" 78
"../../../Engine/Plugins/FX/Niagara/Content/Enums/ENiagaraCurlNoiseQuality.uexp" 79
"../../../Engine/Plugins/FX/Niagara/Content/Modules/Update/Forces/V2/CurlNoiseForce.uasset" 80
"../../../Engine/Plugins/FX/Niagara/Content/Modules/Update/Forces/V2/CurlNoiseForce.uexp" 81
"../../../Engine/Plugins/FX/Niagara/Content/Modules/Update/Color/ScaleColor.uasset" 82
"../../../Engine/Plugins/FX/Niagara/Content/Modules/Update/Color/ScaleColor.uexp" 83
"../../../Engine/Plugins/FX/Niagara/Content/Enums/ENiagaraRandomnessMode.uasset" 84
"../../../Engine/Plugins/FX/Niagara/Content/Enums/ENiagaraRandomnessMode.uexp" 85
"../../../Engine/Plugins/FX/Niagara/Content/Functions/GetRandomInfo.uasset" 86
"../../../Engine/Plugins/FX/Niagara/Content/Functions/GetRandomInfo.uexp" 87
"../../../Engine/Plugins/FX/Niagara/Content/Functions/RandomRangeFloat.uasset" 88
"../../../Engine/Plugins/FX/Niagara/Content/Functions/RandomRangeFloat.uexp" 89
"../../../Engine/Plugins/FX/Niagara/Content/Functions/RandomPointInBox.uasset" 90
"../../../Engine/Plugins/FX/Niagara/Content/Functions/RandomPointInBox.uexp" 91
"../../../Engine/Plugins/FX/Niagara/Content/Functions/IsolateLongestVectorComponent.uasset" 92
"../../../Engine/Plugins/FX/Niagara/Content/Functions/IsolateLongestVectorComponent.uexp" 93
"../../../Engine/Plugins/FX/Niagara/Content/Functions/Rotation/RotateAngleOnAxis.uasset" 94
"../../../Engine/Plugins/FX/Niagara/Content/Functions/Rotation/RotateAngleOnAxis.uexp" 95
"../../../Engine/Plugins/FX/Niagara/Content/Enums/ENiagaraExpansionMode.uasset" 96
"../../../Engine/Plugins/FX/Niagara/Content/Enums/ENiagaraExpansionMode.uexp" 97
"../../../Engine/Plugins/FX/Niagara/Content/Modules/Spawn/Location/BoxLocation.uasset" 98
"../../../Engine/Plugins/FX/Niagara/Content/Modules/Spawn/Location/BoxLocation.uexp" 99
"../../../Engine/Plugins/FX/Niagara/Content/DynamicInputs/ValueFromCurve/FloatFromCurve.uasset" 100
"../../../Engine/Plugins/FX/Niagara/Content/DynamicInputs/ValueFromCurve/FloatFromCurve.uexp" 101
"../../../Engine/Plugins/FX/Niagara/Content/Enums/SpriteRenderer/ENiagara_ScaleSpriteSize.uasset" 102
"../../../Engine/Plugins/FX/Niagara/Content/Enums/SpriteRenderer/ENiagara_ScaleSpriteSize.uexp" 103
"../../../Engine/Plugins/FX/Niagara/Content/Enums/Ribbons/ENiagara_UnsetDirectSetRandom.uasset" 104
"../../../Engine/Plugins/FX/Niagara/Content/Enums/Ribbons/ENiagara_UnsetDirectSetRandom.uexp" 105
"../../../Engine/Plugins/FX/Niagara/Content/Enums/ENiagaraSystemInactiveMode.uasset" 106
"../../../Engine/Plugins/FX/Niagara/Content/Enums/ENiagaraSystemInactiveMode.uexp" 107
"../../../Engine/Plugins/FX/Niagara/Content/Enums/ENiagaraInactiveMode.uasset" 108
"../../../Engine/Plugins/FX/Niagara/Content/Enums/ENiagaraInactiveMode.uexp" 109
"../../../Engine/Plugins/FX/Niagara/Content/Enums/ENiagaraEmitterScalabilityMode_Limited.uasset" 110
"../../../Engine/Plugins/FX/Niagara/Content/Enums/ENiagaraEmitterScalabilityMode_Limited.uexp" 111
"../../../Engine/Plugins/FX/Niagara/Content/Enums/ENiagaraEmitterLifeCycleMode.uasset" 112
"../../../Engine/Plugins/FX/Niagara/Content/Enums/ENiagaraEmitterLifeCycleMode.uexp" 113
"../../../Engine/Plugins/FX/Niagara/Content/Enums/ENiagaraChannelCorrelation.uasset" 114
"../../../Engine/Plugins/FX/Niagara/Content/Enums/ENiagaraChannelCorrelation.uexp" 115
"../../../Engine/Plugins/FX/Niagara/Content/Enums/ENiagara_UVFlippingMode.uasset" 116
"../../../Engine/Plugins/FX/Niagara/Content/Enums/ENiagara_UVFlippingMode.uexp" 117
"../../../Engine/Plugins/FX/Niagara/Content/Enums/ENiagara_SpriteRotationMode.uasset" 118
"../../../Engine/Plugins/FX/Niagara/Content/Enums/ENiagara_SpriteRotationMode.uexp" 119
"../../../Engine/Plugins/FX/Niagara/Content/Enums/ENiagara_SizeScaleMode.uasset" 120
"../../../Engine/Plugins/FX/Niagara/Content/Enums/ENiagara_SizeScaleMode.uexp" 121
"../../../Engine/Plugins/FX/Niagara/Content/Enums/ENiagara_PositionInitializationMode.uasset" 122
"../../../Engine/Plugins/FX/Niagara/Content/Enums/ENiagara_PositionInitializationMode.uexp" 123
"../../../Engine/Plugins/FX/Niagara/Content/Enums/ENiagara_MassInitializationMode.uasset" 124
"../../../Engine/Plugins/FX/Niagara/Content/Enums/ENiagara_MassInitializationMode.uexp" 125
"../../../Engine/Plugins/FX/Niagara/Content/Enums/ENiagara_LifetimeMode.uasset" 126
"../../../Engine/Plugins/FX/Niagara/Content/Enums/ENiagara_LifetimeMode.uexp" 127
"../../../Engine/Plugins/FX/Niagara/Content/Enums/ENiagara_InfiniteLoopDuration.uasset" 128
"../../../Engine/Plugins/FX/Niagara/Content/Enums/ENiagara_InfiniteLoopDuration.uexp" 129
"../../../Engine/Plugins/FX/Niagara/Content/Enums/ENiagara_EmitterStateOptions.uasset" 130
"../../../Engine/Plugins/FX/Niagara/Content/Enums/ENiagara_EmitterStateOptions.uexp" 131
"../../../Engine/Plugins/FX/Niagara/Content/Enums/ENiagara_ColorInitializationMode.uasset" 132
"../../../Engine/Plugins/FX/Niagara/Content/Enums/ENiagara_ColorInitializationMode.uexp" 133
"../../../Engine/Plugins/FX/Niagara/Content/Modules/Update/Size/ScaleSpriteSize.uasset" 134
"../../../Engine/Plugins/FX/Niagara/Content/Modules/Update/Size/ScaleSpriteSize.uexp" 135
"../../../Engine/Plugins/FX/Niagara/Content/Modules/Update/Lifetime/ParticleState.uasset" 136
"../../../Engine/Plugins/FX/Niagara/Content/Modules/Update/Lifetime/ParticleState.uexp" 137
"../../../Engine/Plugins/FX/Niagara/Content/Functions/System/SystemChangeState.uasset" 138
"../../../Engine/Plugins/FX/Niagara/Content/Functions/System/SystemChangeState.uexp" 139
"../../../Engine/Plugins/FX/Niagara/Content/Modules/System/SystemState.uasset" 140
"../../../Engine/Plugins/FX/Niagara/Content/Modules/System/SystemState.uexp" 141
"../../../Engine/Plugins/FX/Niagara/Content/Enums/ENiagaraRandomnessEvaluation.uasset" 142
"../../../Engine/Plugins/FX/Niagara/Content/Enums/ENiagaraRandomnessEvaluation.uexp" 143
"../../../Engine/Plugins/FX/Niagara/Content/Functions/V2/CalculateRandomRangeInteger.uasset" 144
"../../../Engine/Plugins/FX/Niagara/Content/Functions/V2/CalculateRandomRangeInteger.uexp" 145
"../../../Engine/Plugins/FX/Niagara/Content/Functions/V2/CalculateRandomBool.uasset" 146
"../../../Engine/Plugins/FX/Niagara/Content/Functions/V2/CalculateRandomBool.uexp" 147
"../../../Engine/Plugins/FX/Niagara/Content/Functions/V2/CalculateRandomRangeFloat.uasset" 148
"../../../Engine/Plugins/FX/Niagara/Content/Functions/V2/CalculateRandomRangeFloat.uexp" 149
"../../../Engine/Plugins/FX/Niagara/Content/Functions/V2/CalculateRandomRange.uasset" 150
"../../../Engine/Plugins/FX/Niagara/Content/Functions/V2/CalculateRandomRange.uexp" 151
"../../../Engine/Plugins/FX/Niagara/Content/Functions/LinearColor/HueShiftLinearColor.uasset" 152
"../../../Engine/Plugins/FX/Niagara/Content/Functions/LinearColor/HueShiftLinearColor.uexp" 153
"../../../Engine/Plugins/FX/Niagara/Content/Modules/Spawn/Initialization/V2/InitializeParticle.uasset" 154
"../../../Engine/Plugins/FX/Niagara/Content/Modules/Spawn/Initialization/V2/InitializeParticle.uexp" 155
"../../../Engine/Plugins/FX/Niagara/Content/Modules/Solvers/SolveForcesAndVelocity.uasset" 156
"../../../Engine/Plugins/FX/Niagara/Content/Modules/Solvers/SolveForcesAndVelocity.uexp" 157
"../../../Engine/Plugins/FX/Niagara/Content/Modules/Emitter/SpawnRate.uasset" 158
"../../../Engine/Plugins/FX/Niagara/Content/Modules/Emitter/SpawnRate.uexp" 159
"../../../Engine/Plugins/FX/Niagara/Content/Functions/Emitter/EmitterChangeState.uasset" 160
"../../../Engine/Plugins/FX/Niagara/Content/Functions/Emitter/EmitterChangeState.uexp" 161
"../../../Engine/Plugins/FX/Niagara/Content/Enums/ENiagaraExecutionStateManagement.uasset" 162
"../../../Engine/Plugins/FX/Niagara/Content/Enums/ENiagaraExecutionStateManagement.uexp" 163
"../../../Engine/Plugins/FX/Niagara/Content/Modules/Emitter/EmitterState.uasset" 164
"../../../Engine/Plugins/FX/Niagara/Content/Modules/Emitter/EmitterState.uexp" 165
"../../../Engine/Plugins/FX/Niagara/Content/DefaultAssets/DefaultSpriteMaterial.uasset" 166
"../../../Engine/Plugins/FX/Niagara/Content/DefaultAssets/DefaultSpriteMaterial.uexp" 167
"E:/ProjectsUnrealEngine/UE4/TFG/NausTFGMultiPlayer/Content/Client/Effects/Particulas/SpaceDust.uasset" 168
"E:/ProjectsUnrealEngine/UE4/TFG/NausTFGMultiPlayer/Content/Client/Effects/Particulas/SpaceDust.uexp" 169
"../../../Engine/Plugins/FX/Niagara/Content/Functions/SphericalToCartesianCoordinates.uasset" 170
"../../../Engine/Plugins/FX/Niagara/Content/Functions/SphericalToCartesianCoordinates.uexp" 171
"../../../Engine/Plugins/FX/Niagara/Content/Functions/Rotation/MultiplyVectorWithQuaternion.uasset" 172
"../../../Engine/Plugins/FX/Niagara/Content/Functions/Rotation/MultiplyVectorWithQuaternion.uexp" 173
"../../../Engine/Plugins/FX/Niagara/Content/Functions/Rotation/FindQuatBetween.uasset" 174
"../../../Engine/Plugins/FX/Niagara/Content/Functions/Rotation/FindQuatBetween.uexp" 175
"../../../Engine/Plugins/FX/Niagara/Content/Functions/Math/ConeSphereIntersection.uasset" 176
"../../../Engine/Plugins/FX/Niagara/Content/Functions/Math/ConeSphereIntersection.uexp" 177
"../../../Engine/Plugins/FX/Niagara/Content/Modules/Spawn/Location/ConeLocation.uasset" 178
"../../../Engine/Plugins/FX/Niagara/Content/Modules/Spawn/Location/ConeLocation.uexp" 179
"E:/ProjectsUnrealEngine/UE4/TFG/NausTFGMultiPlayer/Content/Client/Effects/Particulas/Propulsor.uasset" 180
"E:/ProjectsUnrealEngine/UE4/TFG/NausTFGMultiPlayer/Content/Client/Effects/Particulas/Propulsor.uexp" 181
"E:/ProjectsUnrealEngine/UE4/TFG/NausTFGMultiPlayer/Content/Assets/Meshes/SpaceShips/Player/Material_003.uasset" 182
"E:/ProjectsUnrealEngine/UE4/TFG/NausTFGMultiPlayer/Content/Assets/Meshes/SpaceShips/Player/Material_003.uexp" 183
"E:/ProjectsUnrealEngine/UE4/TFG/NausTFGMultiPlayer/Content/Assets/Meshes/SpaceShips/Player/Material_002.uasset" 184
"E:/ProjectsUnrealEngine/UE4/TFG/NausTFGMultiPlayer/Content/Assets/Meshes/SpaceShips/Player/Material_002.uexp" 185
"E:/ProjectsUnrealEngine/UE4/TFG/NausTFGMultiPlayer/Content/Assets/Meshes/SpaceShips/Player/Material_001.uasset" 186
"E:/ProjectsUnrealEngine/UE4/TFG/NausTFGMultiPlayer/Content/Assets/Meshes/SpaceShips/Player/Material_001.uexp" 187
"E:/ProjectsUnrealEngine/UE4/TFG/NausTFGMultiPlayer/Content/Assets/Meshes/SpaceShips/Player/spaceshipmain.uasset" 188
"E:/ProjectsUnrealEngine/UE4/TFG/NausTFGMultiPlayer/Content/Assets/Meshes/SpaceShips/Player/spaceshipmain.uexp" 189
"E:/ProjectsUnrealEngine/UE4/TFG/NausTFGMultiPlayer/Content/ServerAndClient/Pawns/PilotActionPawn_BP.uasset" 190
"E:/ProjectsUnrealEngine/UE4/TFG/NausTFGMultiPlayer/Content/ServerAndClient/Pawns/PilotActionPawn_BP.uexp" 191
"E:/ProjectsUnrealEngine/UE4/TFG/NausTFGMultiPlayer/Content/StarterContent/Materials/M_Basic_Wall.uasset" 192
"E:/ProjectsUnrealEngine/UE4/TFG/NausTFGMultiPlayer/Content/StarterContent/Materials/M_Basic_Wall.uexp" 193
"E:/ProjectsUnrealEngine/UE4/TFG/NausTFGMultiPlayer/Content/StarterContent/Shapes/Shape_Sphere.uasset" 194
"E:/ProjectsUnrealEngine/UE4/TFG/NausTFGMultiPlayer/Content/StarterContent/Shapes/Shape_Sphere.uexp" 195
"E:/ProjectsUnrealEngine/UE4/TFG/NausTFGMultiPlayer/Content/StarterContent/Textures/T_Spark_Core.uasset" 196
"E:/ProjectsUnrealEngine/UE4/TFG/NausTFGMultiPlayer/Content/StarterContent/Textures/T_Spark_Core.uexp" 197
"E:/ProjectsUnrealEngine/UE4/TFG/NausTFGMultiPlayer/Content/StarterContent/Textures/T_Spark_Core.ubulk" 198
"E:/ProjectsUnrealEngine/UE4/TFG/NausTFGMultiPlayer/Content/StarterContent/Particles/Materials/M_Spark.uasset" 199
"E:/ProjectsUnrealEngine/UE4/TFG/NausTFGMultiPlayer/Content/StarterContent/Particles/Materials/M_Spark.uexp" 200
"../../../Engine/Content/Functions/Engine_MaterialFunctions01/Gradient/RadialGradient.uasset" 201
"../../../Engine/Content/Functions/Engine_MaterialFunctions01/Gradient/RadialGradient.uexp" 202
"E:/ProjectsUnrealEngine/UE4/TFG/NausTFGMultiPlayer/Content/StarterContent/Particles/Materials/M_Radial_Gradient.uasset" 203
"E:/ProjectsUnrealEngine/UE4/TFG/NausTFGMultiPlayer/Content/StarterContent/Particles/Materials/M_Radial_Gradient.uexp" 204
"E:/ProjectsUnrealEngine/UE4/TFG/NausTFGMultiPlayer/Content/StarterContent/Textures/T_Smoke_Tiled_D.uasset" 205
"E:/ProjectsUnrealEngine/UE4/TFG/NausTFGMultiPlayer/Content/StarterContent/Textures/T_Smoke_Tiled_D.uexp" 206
"E:/ProjectsUnrealEngine/UE4/TFG/NausTFGMultiPlayer/Content/StarterContent/Textures/T_Smoke_Tiled_D.ubulk" 207
"E:/ProjectsUnrealEngine/UE4/TFG/NausTFGMultiPlayer/Content/StarterContent/Textures/T_Smoke_SubUV.uasset" 208
"E:/ProjectsUnrealEngine/UE4/TFG/NausTFGMultiPlayer/Content/StarterContent/Textures/T_Smoke_SubUV.uexp" 209
"E:/ProjectsUnrealEngine/UE4/TFG/NausTFGMultiPlayer/Content/StarterContent/Textures/T_Smoke_SubUV.ubulk" 210
"E:/ProjectsUnrealEngine/UE4/TFG/NausTFGMultiPlayer/Content/StarterContent/Particles/Materials/M_smoke_subUV.uasset" 211
"E:/ProjectsUnrealEngine/UE4/TFG/NausTFGMultiPlayer/Content/StarterContent/Particles/Materials/M_smoke_subUV.uexp" 212
"E:/ProjectsUnrealEngine/UE4/TFG/NausTFGMultiPlayer/Content/StarterContent/Particles/P_Sparks.uasset" 213
"E:/ProjectsUnrealEngine/UE4/TFG/NausTFGMultiPlayer/Content/StarterContent/Particles/P_Sparks.uexp" 214
"E:/ProjectsUnrealEngine/UE4/TFG/NausTFGMultiPlayer/Content/StarterContent/Particles/P_Smoke.uasset" 215
"E:/ProjectsUnrealEngine/UE4/TFG/NausTFGMultiPlayer/Content/StarterContent/Particles/P_Smoke.uexp" 216
"E:/ProjectsUnrealEngine/UE4/TFG/NausTFGMultiPlayer/Content/StarterContent/Audio/Light02_Cue.uasset" 217
"E:/ProjectsUnrealEngine/UE4/TFG/NausTFGMultiPlayer/Content/StarterContent/Audio/Light02_Cue.uexp" 218
"E:/ProjectsUnrealEngine/UE4/TFG/NausTFGMultiPlayer/Content/Assets/Sounds/SoundAttenuations/EnergyAtenuation.uasset" 219
"E:/ProjectsUnrealEngine/UE4/TFG/NausTFGMultiPlayer/Content/Assets/Sounds/SoundAttenuations/EnergyAtenuation.uexp" 220
"E:/ProjectsUnrealEngine/UE4/TFG/NausTFGMultiPlayer/Content/Assets/Meshes/Energy/EnergyMaterial.uasset" 221
"E:/ProjectsUnrealEngine/UE4/TFG/NausTFGMultiPlayer/Content/Assets/Meshes/Energy/EnergyMaterial.uexp" 222
"E:/ProjectsUnrealEngine/UE4/TFG/NausTFGMultiPlayer/Content/ServerAndClient/PickUps/EnergyPickUp_BP.uasset" 223
"E:/ProjectsUnrealEngine/UE4/TFG/NausTFGMultiPlayer/Content/ServerAndClient/PickUps/EnergyPickUp_BP.uexp" 224
"../../../Engine/Content/EngineMaterials/T_Default_Material_Grid_N.uasset" 225
"../../../Engine/Content/EngineMaterials/T_Default_Material_Grid_N.uexp" 226
"../../../Engine/Content/EngineMaterials/T_Default_Material_Grid_N.ubulk" 227
"../../../Engine/Content/EngineMaterials/T_Default_Material_Grid_M.uasset" 228
"../../../Engine/Content/EngineMaterials/T_Default_Material_Grid_M.uexp" 229
"../../../Engine/Content/EngineMaterials/T_Default_Material_Grid_M.ubulk" 230
"../../../Engine/Content/Functions/Engine_MaterialFunctions01/Opacity/CameraDepthFade.uasset" 231
"../../../Engine/Content/Functions/Engine_MaterialFunctions01/Opacity/CameraDepthFade.uexp" 232
"../../../Engine/Content/EngineMaterials/DefaultMaterial.uasset" 233
"../../../Engine/Content/EngineMaterials/DefaultMaterial.uexp" 234
"../../../Engine/Content/BasicShapes/Sphere.uasset" 235
"../../../Engine/Content/BasicShapes/Sphere.uexp" 236
"E:/ProjectsUnrealEngine/UE4/TFG/NausTFGMultiPlayer/Content/ServerAndClient/Projectiles/ProjectileMaterial.uasset" 237
"E:/ProjectsUnrealEngine/UE4/TFG/NausTFGMultiPlayer/Content/ServerAndClient/Projectiles/ProjectileMaterial.uexp" 238
"E:/ProjectsUnrealEngine/UE4/TFG/NausTFGMultiPlayer/Content/StarterContent/Particles/Materials/M_radial_ramp.uasset" 239
"E:/ProjectsUnrealEngine/UE4/TFG/NausTFGMultiPlayer/Content/StarterContent/Particles/Materials/M_radial_ramp.uexp" 240
"E:/ProjectsUnrealEngine/UE4/TFG/NausTFGMultiPlayer/Content/StarterContent/Particles/Materials/m_flare_01.uasset" 241
"E:/ProjectsUnrealEngine/UE4/TFG/NausTFGMultiPlayer/Content/StarterContent/Particles/Materials/m_flare_01.uexp" 242
"E:/ProjectsUnrealEngine/UE4/TFG/NausTFGMultiPlayer/Content/StarterContent/Textures/T_Explosion_SubUV.uasset" 243
"E:/ProjectsUnrealEngine/UE4/TFG/NausTFGMultiPlayer/Content/StarterContent/Textures/T_Explosion_SubUV.uexp" 244
"E:/ProjectsUnrealEngine/UE4/TFG/NausTFGMultiPlayer/Content/StarterContent/Textures/T_Explosion_SubUV.ubulk" 245
"E:/ProjectsUnrealEngine/UE4/TFG/NausTFGMultiPlayer/Content/StarterContent/Particles/Materials/M_explosion_subUV.uasset" 246
"E:/ProjectsUnrealEngine/UE4/TFG/NausTFGMultiPlayer/Content/StarterContent/Particles/Materials/M_explosion_subUV.uexp" 247
"E:/ProjectsUnrealEngine/UE4/TFG/NausTFGMultiPlayer/Content/StarterContent/Textures/T_Burst_M.uasset" 248
"E:/ProjectsUnrealEngine/UE4/TFG/NausTFGMultiPlayer/Content/StarterContent/Textures/T_Burst_M.uexp" 249
"E:/ProjectsUnrealEngine/UE4/TFG/NausTFGMultiPlayer/Content/StarterContent/Textures/T_Burst_M.ubulk" 250
"E:/ProjectsUnrealEngine/UE4/TFG/NausTFGMultiPlayer/Content/StarterContent/Particles/Materials/M_Burst.uasset" 251
"E:/ProjectsUnrealEngine/UE4/TFG/NausTFGMultiPlayer/Content/StarterContent/Particles/Materials/M_Burst.uexp" 252
"E:/ProjectsUnrealEngine/UE4/TFG/NausTFGMultiPlayer/Content/StarterContent/Particles/P_Explosion.uasset" 253
"E:/ProjectsUnrealEngine/UE4/TFG/NausTFGMultiPlayer/Content/StarterContent/Particles/P_Explosion.uexp" 254
"E:/ProjectsUnrealEngine/UE4/TFG/NausTFGMultiPlayer/Content/ServerAndClient/Projectiles/BasicProjectile_BP.uasset" 255
"E:/ProjectsUnrealEngine/UE4/TFG/NausTFGMultiPlayer/Content/ServerAndClient/Projectiles/BasicProjectile_BP.uexp" 256
"E:/ProjectsUnrealEngine/UE4/TFG/NausTFGMultiPlayer/Content/StarterContent/Audio/Explosion01.uasset" 257
"E:/ProjectsUnrealEngine/UE4/TFG/NausTFGMultiPlayer/Content/StarterContent/Audio/Explosion01.uexp" 258
"E:/ProjectsUnrealEngine/UE4/TFG/NausTFGMultiPlayer/Content/StarterContent/Audio/Explosion02.uasset" 259
"E:/ProjectsUnrealEngine/UE4/TFG/NausTFGMultiPlayer/Content/StarterContent/Audio/Explosion02.uexp" 260
"E:/ProjectsUnrealEngine/UE4/TFG/NausTFGMultiPlayer/Content/StarterContent/Audio/Explosion_Cue.uasset" 261
"E:/ProjectsUnrealEngine/UE4/TFG/NausTFGMultiPlayer/Content/StarterContent/Audio/Explosion_Cue.uexp" 262
"E:/ProjectsUnrealEngine/UE4/TFG/NausTFGMultiPlayer/Content/StarterContent/Audio/Light02.uasset" 263
"E:/ProjectsUnrealEngine/UE4/TFG/NausTFGMultiPlayer/Content/StarterContent/Audio/Light02.uexp" 264
"E:/ProjectsUnrealEngine/UE4/TFG/NausTFGMultiPlayer/Content/StarterContent/Textures/T_Water_N.uasset" 265
"E:/ProjectsUnrealEngine/UE4/TFG/NausTFGMultiPlayer/Content/StarterContent/Textures/T_Water_N.uexp" 266
"E:/ProjectsUnrealEngine/UE4/TFG/NausTFGMultiPlayer/Content/StarterContent/Textures/T_Water_N.ubulk" 267
"E:/ProjectsUnrealEngine/UE4/TFG/NausTFGMultiPlayer/Content/StarterContent/Particles/Materials/M_Heat_Distortion.uasset" 268
"E:/ProjectsUnrealEngine/UE4/TFG/NausTFGMultiPlayer/Content/StarterContent/Particles/Materials/M_Heat_Distortion.uexp" 269
"E:/ProjectsUnrealEngine/UE4/TFG/NausTFGMultiPlayer/Content/StarterContent/Textures/T_Fire_Tiled_D.uasset" 270
"E:/ProjectsUnrealEngine/UE4/TFG/NausTFGMultiPlayer/Content/StarterContent/Textures/T_Fire_Tiled_D.uexp" 271
"E:/ProjectsUnrealEngine/UE4/TFG/NausTFGMultiPlayer/Content/StarterContent/Textures/T_Fire_Tiled_D.ubulk" 272
"E:/ProjectsUnrealEngine/UE4/TFG/NausTFGMultiPlayer/Content/StarterContent/Textures/T_Fire_SubUV.uasset" 273
"E:/ProjectsUnrealEngine/UE4/TFG/NausTFGMultiPlayer/Content/StarterContent/Textures/T_Fire_SubUV.uexp" 274
"E:/ProjectsUnrealEngine/UE4/TFG/NausTFGMultiPlayer/Content/StarterContent/Textures/T_Fire_SubUV.ubulk" 275
"E:/ProjectsUnrealEngine/UE4/TFG/NausTFGMultiPlayer/Content/StarterContent/Particles/Materials/M_Fire_SubUV.uasset" 276
"E:/ProjectsUnrealEngine/UE4/TFG/NausTFGMultiPlayer/Content/StarterContent/Particles/Materials/M_Fire_SubUV.uexp" 277
"E:/ProjectsUnrealEngine/UE4/TFG/NausTFGMultiPlayer/Content/StarterContent/Particles/P_Fire.uasset" 278
"E:/ProjectsUnrealEngine/UE4/TFG/NausTFGMultiPlayer/Content/StarterContent/Particles/P_Fire.uexp" 279
"../../../Engine/Content/EngineMaterials/WorldGridMaterial.uasset" 280
"../../../Engine/Content/EngineMaterials/WorldGridMaterial.uexp" 281
"../../../Engine/Content/ArtTools/RenderToTexture/Meshes/S_1_Unit_Plane.uasset" 282
"../../../Engine/Content/ArtTools/RenderToTexture/Meshes/S_1_Unit_Plane.uexp" 283
"../../../Engine/Content/BasicShapes/Cone.uasset" 284
"../../../Engine/Content/BasicShapes/Cone.uexp" 285
"../../../Engine/Content/BasicShapes/Cube.uasset" 286
"../../../Engine/Content/BasicShapes/Cube.uexp" 287
"../../../Engine/Content/BasicShapes/Plane.uasset" 288
"../../../Engine/Content/BasicShapes/Plane.uexp" 289
"../../../Engine/Content/EditorLandscapeResources/DataLayer.uasset" 290
"../../../Engine/Content/EditorLandscapeResources/DataLayer.uexp" 291
"../../../Engine/Content/EditorLandscapeResources/DefaultAlphaTexture.uasset" 292
"../../../Engine/Content/EditorLandscapeResources/DefaultAlphaTexture.uexp" 293
"../../../Engine/Content/EditorMaterials/MAT_Groups_Toggle.uasset" 294
"../../../Engine/Content/EditorMaterials/MAT_Groups_Toggle.uexp" 295
"../../../Engine/Content/EditorMaterials/MAT_Groups_Visibility.uasset" 296
"../../../Engine/Content/EditorMaterials/MAT_Groups_Visibility.uexp" 297
"../../../Engine/Content/EditorMaterials/PreviewShadowIndicator.uasset" 298
"../../../Engine/Content/EditorMaterials/PreviewShadowIndicator.uexp" 299
"../../../Engine/Content/EditorMaterials/PreviewShadowIndicator.ubulk" 300
"../../../Engine/Content/EditorMaterials/PreviewShadowIndicatorMaterial.uasset" 301
"../../../Engine/Content/EditorMaterials/PreviewShadowIndicatorMaterial.uexp" 302
"../../../Engine/Content/EditorMaterials/MatineeGroups/MAT_ColorTrack.uasset" 303
"../../../Engine/Content/EditorMaterials/MatineeGroups/MAT_ColorTrack.uexp" 304
"../../../Engine/Content/EditorMaterials/MatineeGroups/MAT_Groups_Anim.uasset" 305
"../../../Engine/Content/EditorMaterials/MatineeGroups/MAT_Groups_Anim.uexp" 306
"../../../Engine/Content/EditorMaterials/MatineeGroups/MAT_Groups_AudioMaster.uasset" 307
"../../../Engine/Content/EditorMaterials/MatineeGroups/MAT_Groups_AudioMaster.uexp" 308
"../../../Engine/Content/EditorMaterials/MatineeGroups/MAT_Groups_Director.uasset" 309
"../../../Engine/Content/EditorMaterials/MatineeGroups/MAT_Groups_Director.uexp" 310
"../../../Engine/Content/EditorMaterials/MatineeGroups/MAT_Groups_Event.uasset" 311
"../../../Engine/Content/EditorMaterials/MatineeGroups/MAT_Groups_Event.uexp" 312
"../../../Engine/Content/EditorMaterials/MatineeGroups/MAT_Groups_Fade.uasset" 313
"../../../Engine/Content/EditorMaterials/MatineeGroups/MAT_Groups_Fade.uexp" 314
"../../../Engine/Content/EditorMaterials/MatineeGroups/MAT_Groups_Float.uasset" 315
"../../../Engine/Content/EditorMaterials/MatineeGroups/MAT_Groups_Float.uexp" 316
"../../../Engine/Content/EditorMaterials/MatineeGroups/MAT_Groups_Move.uasset" 317
"../../../Engine/Content/EditorMaterials/MatineeGroups/MAT_Groups_Move.uexp" 318
"../../../Engine/Content/EditorMaterials/MatineeGroups/MAT_Groups_Slomo.uasset" 319
"../../../Engine/Content/EditorMaterials/MatineeGroups/MAT_Groups_Slomo.uexp" 320
"../../../Engine/Content/EditorMaterials/MatineeGroups/MAT_Groups_Sound.uasset" 321
"../../../Engine/Content/EditorMaterials/MatineeGroups/MAT_Groups_Sound.uexp" 322
"../../../Engine/Content/EditorMaterials/MatineeGroups/MAT_Groups_Vector.uasset" 323
"../../../Engine/Content/EditorMaterials/MatineeGroups/MAT_Groups_Vector.uexp" 324
"../../../Engine/Content/EditorMaterials/ParticleSystems/PSysThumbnail_NoImage.uasset" 325
"../../../Engine/Content/EditorMaterials/ParticleSystems/PSysThumbnail_NoImage.uexp" 326
"../../../Engine/Content/EditorMaterials/ParticleSystems/PSysThumbnail_NoImage.ubulk" 327
"../../../Engine/Content/EditorMaterials/ParticleSystems/PSysThumbnail_OOD.uasset" 328
"../../../Engine/Content/EditorMaterials/ParticleSystems/PSysThumbnail_OOD.uexp" 329
"../../../Engine/Content/EditorMaterials/ParticleSystems/PSysThumbnail_OOD.ubulk" 330
"../../../Engine/Content/EditorMaterials/Camera/CineMat.uasset" 331
"../../../Engine/Content/EditorMaterials/Camera/CineMat.uexp" 332
"../../../Engine/Content/EditorMaterials/Camera/MI_CineMat_Rig.uasset" 333
"../../../Engine/Content/EditorMaterials/Camera/MI_CineMat_Rig.uexp" 334
"../../../Engine/Content/EditorMeshes/Camera/SM_CraneRig_Arm.uasset" 335
"../../../Engine/Content/EditorMeshes/Camera/SM_CraneRig_Arm.uexp" 336
"../../../Engine/Content/EditorMeshes/Camera/SM_CraneRig_Base.uasset" 337
"../../../Engine/Content/EditorMeshes/Camera/SM_CraneRig_Base.uexp" 338
"../../../Engine/Content/EditorMeshes/Camera/SM_CraneRig_Body.uasset" 339
"../../../Engine/Content/EditorMeshes/Camera/SM_CraneRig_Body.uexp" 340
"../../../Engine/Content/EditorMeshes/Camera/SM_CraneRig_Mount.uasset" 341
"../../../Engine/Content/EditorMeshes/Camera/SM_CraneRig_Mount.uexp" 342
"../../../Engine/Content/EditorMeshes/Camera/SM_RailRig_Mount.uasset" 343
"../../../Engine/Content/EditorMeshes/Camera/SM_RailRig_Mount.uexp" 344
"../../../Engine/Content/EditorMeshes/Camera/SM_RailRig_Track.uasset" 345
"../../../Engine/Content/EditorMeshes/Camera/SM_RailRig_Track.uexp" 346
"../../../Engine/Content/EditorResources/BSPVertex.uasset" 347
"../../../Engine/Content/EditorResources/BSPVertex.uexp" 348
"../../../Engine/Content/EditorResources/EmptyActor.uasset" 349
"../../../Engine/Content/EditorResources/EmptyActor.uexp" 350
"../../../Engine/Content/EditorResources/S_Actor.uasset" 351
"../../../Engine/Content/EditorResources/S_Actor.uexp" 352
"../../../Engine/Content/EditorResources/S_Actor.ubulk" 353
"../../../Engine/Content/EditorResources/S_Note.uasset" 354
"../../../Engine/Content/EditorResources/S_Note.uexp" 355
"../../../Engine/Content/EditorResources/S_Note.ubulk" 356
"../../../Engine/Content/EditorResources/S_Solver.uasset" 357
"../../../Engine/Content/EditorResources/S_Solver.uexp" 358
"../../../Engine/Content/EditorResources/S_Solver.ubulk" 359
"../../../Engine/Content/EditorResources/S_Terrain.uasset" 360
"../../../Engine/Content/EditorResources/S_Terrain.uexp" 361
"../../../Engine/Content/EditorResources/S_Terrain.ubulk" 362
"../../../Engine/Content/EditorResources/S_Trigger.uasset" 363
"../../../Engine/Content/EditorResources/S_Trigger.uexp" 364
"../../../Engine/Content/EditorResources/S_Trigger.ubulk" 365
"../../../Engine/Content/EditorResources/LightIcons/S_LightError.uasset" 366
"../../../Engine/Content/EditorResources/LightIcons/S_LightError.uexp" 367
"../../../Engine/Content/EditorResources/SequenceRecorder/Countdown.uasset" 368
"../../../Engine/Content/EditorResources/SequenceRecorder/Countdown.uexp" 369
"../../../Engine/Content/EditorResources/SequenceRecorder/RecordingIndicator.uasset" 370
"../../../Engine/Content/EditorResources/SequenceRecorder/RecordingIndicator.uexp" 371
"../../../Engine/Content/EngineDamageTypes/DmgTypeBP_Environmental.uasset" 372
"../../../Engine/Content/EngineDamageTypes/DmgTypeBP_Environmental.uexp" 373
"../../../Engine/Content/EngineDebugMaterials/DebugEditorMaterial.uasset" 374
"../../../Engine/Content/EngineDebugMaterials/DebugEditorMaterial.uexp" 375
"../../../Engine/Content/EngineDebugMaterials/DebugMeshMaterial.uasset" 376
"../../../Engine/Content/EngineDebugMaterials/DebugMeshMaterial.uexp" 377
"../../../Engine/Content/EngineDebugMaterials/M_SimpleUnlitTranslucent.uasset" 378
"../../../Engine/Content/EngineDebugMaterials/M_SimpleUnlitTranslucent.uexp" 379
"../../../Engine/Content/EngineDebugMaterials/VolumeToRender.uasset" 380
"../../../Engine/Content/EngineDebugMaterials/VolumeToRender.uexp" 381
"../../../Engine/Content/Functions/Engine_MaterialFunctions02/Utility/CameraDirectionVector.uasset" 382
"../../../Engine/Content/Functions/Engine_MaterialFunctions02/Utility/CameraDirectionVector.uexp" 383
"../../../Engine/Content/EngineDebugMaterials/M_VolumeRenderSphereTracePP.uasset" 384
"../../../Engine/Content/EngineDebugMaterials/M_VolumeRenderSphereTracePP.uexp" 385
"../../../Engine/Content/Functions/Engine_MaterialFunctions01/Shading/ConvertFromDiffSpec.uasset" 386
"../../../Engine/Content/Functions/Engine_MaterialFunctions01/Shading/ConvertFromDiffSpec.uexp" 387
"../../../Engine/Content/EngineDebugMaterials/VertexColorMaterial.uasset" 388
"../../../Engine/Content/EngineDebugMaterials/VertexColorMaterial.uexp" 389
"../../../Engine/Content/EngineDebugMaterials/WireframeMaterial.uasset" 390
"../../../Engine/Content/EngineDebugMaterials/WireframeMaterial.uexp" 391
"../../../Engine/Content/EngineFonts/Faces/RobotoRegular.uasset" 392
"../../../Engine/Content/EngineFonts/Faces/RobotoRegular.uexp" 393
"../../../Engine/Content/EngineFonts/Faces/RobotoRegular.ufont" 394
"../../../Engine/Content/EngineFonts/Faces/RobotoLight.uasset" 395
"../../../Engine/Content/EngineFonts/Faces/RobotoLight.uexp" 396
"../../../Engine/Content/EngineFonts/Faces/RobotoLight.ufont" 397
"../../../Engine/Content/EngineFonts/Faces/RobotoItalic.uasset" 398
"../../../Engine/Content/EngineFonts/Faces/RobotoItalic.uexp" 399
"../../../Engine/Content/EngineFonts/Faces/RobotoItalic.ufont" 400
"../../../Engine/Content/EngineFonts/Faces/RobotoBoldItalic.uasset" 401
"../../../Engine/Content/EngineFonts/Faces/RobotoBoldItalic.uexp" 402
"../../../Engine/Content/EngineFonts/Faces/RobotoBoldItalic.ufont" 403
"../../../Engine/Content/EngineFonts/Faces/RobotoBold.uasset" 404
"../../../Engine/Content/EngineFonts/Faces/RobotoBold.uexp" 405
"../../../Engine/Content/EngineFonts/Faces/RobotoBold.ufont" 406
"../../../Engine/Content/EngineFonts/Faces/DroidSansFallback.uasset" 407
"../../../Engine/Content/EngineFonts/Faces/DroidSansFallback.uexp" 408
"../../../Engine/Content/EngineFonts/Faces/DroidSansFallback.ufont" 409
"../../../Engine/Content/EngineFonts/Roboto.uasset" 410
"../../../Engine/Content/EngineFonts/Roboto.uexp" 411
"../../../Engine/Content/EngineMaterials/BaseFlattenNormalMap.uasset" 412
"../../../Engine/Content/EngineMaterials/BaseFlattenNormalMap.uexp" 413
"../../../Engine/Content/EngineMaterials/BaseFlattenGrayscaleMap.uasset" 414
"../../../Engine/Content/EngineMaterials/BaseFlattenGrayscaleMap.uexp" 415
"../../../Engine/Content/EngineMaterials/BaseFlattenEmissiveMap.uasset" 416
"../../../Engine/Content/EngineMaterials/BaseFlattenEmissiveMap.uexp" 417
"../../../Engine/Content/EngineMaterials/BaseFlattenDiffuseMap.uasset" 418
"../../../Engine/Content/EngineMaterials/BaseFlattenDiffuseMap.uexp" 419
"../../../Engine/Content/EngineMaterials/BaseFlattenMaterial.uasset" 420
"../../../Engine/Content/EngineMaterials/BaseFlattenMaterial.uexp" 421
"../../../Engine/Content/EngineMaterials/BlueNoise.uasset" 422
"../../../Engine/Content/EngineMaterials/BlueNoise.uexp" 423
"../../../Engine/Content/EngineMaterials/DefaultBloomKernel.uasset" 424
"../../../Engine/Content/EngineMaterials/DefaultBloomKernel.uexp" 425
"../../../Engine/Content/EngineMaterials/DefaultBokeh.uasset" 426
"../../../Engine/Content/EngineMaterials/DefaultBokeh.uexp" 427
"../../../Engine/Content/EngineMaterials/DefaultDiffuse.uasset" 428
"../../../Engine/Content/EngineMaterials/DefaultDiffuse.uexp" 429
"../../../Engine/Content/EngineMaterials/DefaultDiffuse.ubulk" 430
"../../../Engine/Content/EngineMaterials/DefaultDeferredDecalMaterial.uasset" 431
"../../../Engine/Content/EngineMaterials/DefaultDeferredDecalMaterial.uexp" 432
"../../../Engine/Content/EngineMaterials/DefaultLightFunctionMaterial.uasset" 433
"../../../Engine/Content/EngineMaterials/DefaultLightFunctionMaterial.uexp" 434
"../../../Engine/Content/EngineMaterials/DefaultPhysicalMaterial.uasset" 435
"../../../Engine/Content/EngineMaterials/DefaultPhysicalMaterial.uexp" 436
"../../../Engine/Content/Functions/Engine_MaterialFunctions02/Utility/BreakOutFloat2Components.uasset" 437
"../../../Engine/Content/Functions/Engine_MaterialFunctions02/Utility/BreakOutFloat2Components.uexp" 438
"../../../Engine/Content/EngineMaterials/DefaultPostProcessMaterial.uasset" 439
"../../../Engine/Content/EngineMaterials/DefaultPostProcessMaterial.uexp" 440
"../../../Engine/Content/EngineFonts/RobotoDistanceField.uasset" 441
"../../../Engine/Content/EngineFonts/RobotoDistanceField.uexp" 442
"../../../Engine/Content/EngineMaterials/DefaultTextMaterialOpaque.uasset" 443
"../../../Engine/Content/EngineMaterials/DefaultTextMaterialOpaque.uexp" 444
"../../../Engine/Content/EngineMaterials/DefaultWhiteGrid.uasset" 445
"../../../Engine/Content/EngineMaterials/DefaultWhiteGrid.uexp" 446
"../../../Engine/Content/EngineMaterials/DefaultWhiteGrid.ubulk" 447
"../../../Engine/Content/EngineMaterials/DefaultWhiteGrid_Low.uasset" 448
"../../../Engine/Content/EngineMaterials/DefaultWhiteGrid_Low.uexp" 449
"../../../Engine/Content/EngineMaterials/EmissiveMeshMaterial.uasset" 450
"../../../Engine/Content/EngineMaterials/EmissiveMeshMaterial.uexp" 451
"../../../Engine/Content/EngineMaterials/GizmoMaterial.uasset" 452
"../../../Engine/Content/EngineMaterials/GizmoMaterial.uexp" 453
"../../../Engine/Content/EngineMaterials/Good64x64TilingNoiseHighFreq.uasset" 454
"../../../Engine/Content/EngineMaterials/Good64x64TilingNoiseHighFreq.uexp" 455
"../../../Engine/Content/EngineMaterials/MiniFont.uasset" 456
"../../../Engine/Content/EngineMaterials/MiniFont.uexp" 457
"../../../Engine/Content/EngineMaterials/InvalidLightmapSettings.uasset" 458
"../../../Engine/Content/EngineMaterials/InvalidLightmapSettings.uexp" 459
"../../../Engine/Content/EngineMaterials/InvalidLightmapSettings.ubulk" 460
"../../../Engine/Content/EngineMaterials/M_InvalidLightmapSettings.uasset" 461
"../../../Engine/Content/EngineMaterials/M_InvalidLightmapSettings.uexp" 462
"../../../Engine/Content/Functions/Engine_MaterialFunctions02/WorldPositionOffset/CameraOffset.uasset" 463
"../../../Engine/Content/Functions/Engine_MaterialFunctions02/WorldPositionOffset/CameraOffset.uexp" 464
"../../../Engine/Content/EngineMaterials/PhAT_JointLimitMaterial.uasset" 465
"../../../Engine/Content/EngineMaterials/PhAT_JointLimitMaterial.uexp" 466
"../../../Engine/Content/EngineMaterials/DefaultCalibrationColor.uasset" 467
"../../../Engine/Content/EngineMaterials/DefaultCalibrationColor.uexp" 468
"../../../Engine/Content/EngineMaterials/PPM_DefaultCalibrationColor.uasset" 469
"../../../Engine/Content/EngineMaterials/PPM_DefaultCalibrationColor.uexp" 470
"../../../Engine/Content/EngineMaterials/DefaultCalibrationGrayscale.uasset" 471
"../../../Engine/Content/EngineMaterials/DefaultCalibrationGrayscale.uexp" 472
"../../../Engine/Content/EngineMaterials/PPM_DefaultCalibrationGrayscale.uasset" 473
"../../../Engine/Content/EngineMaterials/PPM_DefaultCalibrationGrayscale.uexp" 474
"../../../Engine/Content/EngineMaterials/PreintegratedSkinBRDF.uasset" 475
"../../../Engine/Content/EngineMaterials/PreintegratedSkinBRDF.uexp" 476
"../../../Engine/Content/EngineMaterials/RemoveSurfaceMaterial.uasset" 477
"../../../Engine/Content/EngineMaterials/RemoveSurfaceMaterial.uexp" 478
"../../../Engine/Content/EngineMaterials/WeightMapPlaceholderTexture.uasset" 479
"../../../Engine/Content/EngineMaterials/WeightMapPlaceholderTexture.uexp" 480
"../../../Engine/Content/EngineResources/WhiteSquareTexture.uasset" 481
"../../../Engine/Content/EngineResources/WhiteSquareTexture.uexp" 482
"../../../Engine/Content/EngineMaterials/Widget3DPassThrough.uasset" 483
"../../../Engine/Content/EngineMaterials/Widget3DPassThrough.uexp" 484
"../../../Engine/Content/EngineMaterials/Widget3DPassThrough_Masked.uasset" 485
"../../../Engine/Content/EngineMaterials/Widget3DPassThrough_Masked.uexp" 486
"../../../Engine/Content/EngineMaterials/Widget3DPassThrough_Opaque.uasset" 487
"../../../Engine/Content/EngineMaterials/Widget3DPassThrough_Opaque.uexp" 488
"../../../Engine/Content/EngineMaterials/Widget3DPassThrough_Masked_OneSided.uasset" 489
"../../../Engine/Content/EngineMaterials/Widget3DPassThrough_Masked_OneSided.uexp" 490
"../../../Engine/Content/EngineMaterials/Widget3DPassThrough_Opaque_OneSided.uasset" 491
"../../../Engine/Content/EngineMaterials/Widget3DPassThrough_Opaque_OneSided.uexp" 492
"../../../Engine/Content/EngineMaterials/Widget3DPassThrough_Translucent.uasset" 493
"../../../Engine/Content/EngineMaterials/Widget3DPassThrough_Translucent.uexp" 494
"../../../Engine/Content/EngineMaterials/Widget3DPassThrough_Translucent_OneSided.uasset" 495
"../../../Engine/Content/EngineMaterials/Widget3DPassThrough_Translucent_OneSided.uexp" 496
"../../../Engine/Content/EngineMeshes/Cylinder.uasset" 497
"../../../Engine/Content/EngineMeshes/Cylinder.uexp" 498
"../../../Engine/Content/EngineMeshes/Sphere.uasset" 499
"../../../Engine/Content/EngineMeshes/Sphere.uexp" 500
"../../../Engine/Content/EngineResources/DefaultTexture.uasset" 501
"../../../Engine/Content/EngineResources/DefaultTexture.uexp" 502
"../../../Engine/Content/EngineResources/DefaultTexture.ubulk" 503
"../../../Engine/Content/EngineResources/DefaultTextureCube.uasset" 504
"../../../Engine/Content/EngineResources/DefaultTextureCube.uexp" 505
"../../../Engine/Content/EngineResources/DefaultVolumeTexture2D.uasset" 506
"../../../Engine/Content/EngineResources/DefaultVolumeTexture2D.uexp" 507
"../../../Engine/Content/EngineResources/DefaultVolumeTexture.uasset" 508
"../../../Engine/Content/EngineResources/DefaultVolumeTexture.uexp" 509
"../../../Engine/Content/EngineResources/GradientTexture0.uasset" 510
"../../../Engine/Content/EngineResources/GradientTexture0.uexp" 511
"../../../Engine/Content/EngineSky/VolumetricClouds/T_NoiseShape64.uasset" 512
"../../../Engine/Content/EngineSky/VolumetricClouds/T_NoiseShape64.uexp" 513
"../../../Engine/Content/EngineSky/VolumetricClouds/T_NoiseShape64.ubulk" 514
"../../../Engine/Content/EngineSky/VolumetricClouds/T_VolumeNoiseShape64.uasset" 515
"../../../Engine/Content/EngineSky/VolumetricClouds/T_VolumeNoiseShape64.uexp" 516
"../../../Engine/Content/EngineSky/VolumetricClouds/T_NoiseErosion.uasset" 517
"../../../Engine/Content/EngineSky/VolumetricClouds/T_NoiseErosion.uexp" 518
"../../../Engine/Content/EngineSky/VolumetricClouds/T_NoiseErosion.ubulk" 519
"../../../Engine/Content/EngineSky/VolumetricClouds/T_VolumeNoiseErosion32.uasset" 520
"../../../Engine/Content/EngineSky/VolumetricClouds/T_VolumeNoiseErosion32.uexp" 521
"../../../Engine/Content/EngineSky/VolumetricClouds/CloudWeatherTexture.uasset" 522
"../../../Engine/Content/EngineSky/VolumetricClouds/CloudWeatherTexture.uexp" 523
"../../../Engine/Content/EngineSky/VolumetricClouds/CloudGradientTexture.uasset" 524
"../../../Engine/Content/EngineSky/VolumetricClouds/CloudGradientTexture.uexp" 525
"../../../Engine/Content/Functions/Engine_MaterialFunctions02/Utility/MakeFloat2.uasset" 526
"../../../Engine/Content/Functions/Engine_MaterialFunctions02/Utility/MakeFloat2.uexp" 527
"../../../Engine/Content/EngineSky/VolumetricClouds/m_SimpleVolumetricCloud.uasset" 528
"../../../Engine/Content/EngineSky/VolumetricClouds/m_SimpleVolumetricCloud.uexp" 529
"../../../Engine/Content/EngineSky/VolumetricClouds/m_SimpleVolumetricCloud_Inst.uasset" 530
"../../../Engine/Content/EngineSky/VolumetricClouds/m_SimpleVolumetricCloud_Inst.uexp" 531
"../../../Engine/Content/EngineSounds/Master.uasset" 532
"../../../Engine/Content/EngineSounds/Master.uexp" 533
"../../../Engine/Content/Functions/Engine_MaterialFunctions01/Shading/PowerToRoughness.uasset" 534
"../../../Engine/Content/Functions/Engine_MaterialFunctions01/Shading/PowerToRoughness.uexp" 535
"../../../Engine/Content/Maps/Templates/Thumbnails/Default.uasset" 536
"../../../Engine/Content/Maps/Templates/Thumbnails/Default.uexp" 537
"../../../Engine/Content/Maps/Templates/Thumbnails/TimeOfDay.uasset" 538
"../../../Engine/Content/Maps/Templates/Thumbnails/TimeOfDay.uexp" 539
"../../../Engine/Content/Maps/Templates/Thumbnails/VR-Basic.uasset" 540
"../../../Engine/Content/Maps/Templates/Thumbnails/VR-Basic.uexp" 541
"../../../Engine/Content/MobileResources/T_MobileControls_texture.uasset" 542
"../../../Engine/Content/MobileResources/T_MobileControls_texture.uexp" 543
"../../../Engine/Content/MobileResources/T_MobileMenu2.uasset" 544
"../../../Engine/Content/MobileResources/T_MobileMenu2.uexp" 545
"../../../Engine/Content/MobileResources/HUD/AnalogHat.uasset" 546
"../../../Engine/Content/MobileResources/HUD/AnalogHat.uexp" 547
"../../../Engine/Content/MobileResources/HUD/VirtualJoystick_Thumb.uasset" 548
"../../../Engine/Content/MobileResources/HUD/VirtualJoystick_Thumb.uexp" 549
"../../../Engine/Content/MobileResources/HUD/VirtualJoystick_Background.uasset" 550
"../../../Engine/Content/MobileResources/HUD/VirtualJoystick_Background.uexp" 551
"../../../Engine/Content/MobileResources/HUD/DefaultVirtualJoysticks.uasset" 552
"../../../Engine/Content/MobileResources/HUD/DefaultVirtualJoysticks.uexp" 553
"../../../Engine/Content/MobileResources/HUD/LeftVirtualJoystickOnly.uasset" 554
"../../../Engine/Content/MobileResources/HUD/LeftVirtualJoystickOnly.uexp" 555
"../../../Engine/Content/MobileResources/HUD/MobileHUDButton1_off.uasset" 556
"../../../Engine/Content/MobileResources/HUD/MobileHUDButton1_off.uexp" 557
"../../../Engine/Content/MobileResources/HUD/MobileHUDButton1_on.uasset" 558
"../../../Engine/Content/MobileResources/HUD/MobileHUDButton1_on.uexp" 559
"../../../Engine/Content/MobileResources/HUD/MobileHUDButton2_off.uasset" 560
"../../../Engine/Content/MobileResources/HUD/MobileHUDButton2_off.uexp" 561
"../../../Engine/Content/MobileResources/HUD/MobileHUDButton2_on.uasset" 562
"../../../Engine/Content/MobileResources/HUD/MobileHUDButton2_on.uexp" 563
"../../../Engine/Content/MobileResources/HUD/MobileHUDButton3.uasset" 564
"../../../Engine/Content/MobileResources/HUD/MobileHUDButton3.uexp" 565
"../../../Engine/Content/MobileResources/HUD/MobileHUDButtonFire.uasset" 566
"../../../Engine/Content/MobileResources/HUD/MobileHUDButtonFire.uexp" 567
"../../../Engine/Content/MobileResources/HUD/MobileHUDDirectionPad.uasset" 568
"../../../Engine/Content/MobileResources/HUD/MobileHUDDirectionPad.uexp" 569
"../../../Engine/Content/MobileResources/HUD/MobileHUDDirectionPad2.uasset" 570
"../../../Engine/Content/MobileResources/HUD/MobileHUDDirectionPad2.uexp" 571
"../../../Engine/Content/MobileResources/HUD/MobileHUDDirectionPad3.uasset" 572
"../../../Engine/Content/MobileResources/HUD/MobileHUDDirectionPad3.uexp" 573
"../../../Engine/Content/MobileResources/HUD/MobileHUDDirectionStick.uasset" 574
"../../../Engine/Content/MobileResources/HUD/MobileHUDDirectionStick.uexp" 575
"../../../Engine/Content/MobileResources/HUD/T_Castle_ThumbstickInner.uasset" 576
"../../../Engine/Content/MobileResources/HUD/T_Castle_ThumbstickInner.uexp" 577
"../../../Engine/Content/MobileResources/HUD/T_Castle_ThumbstickOutter.uasset" 578
"../../../Engine/Content/MobileResources/HUD/T_Castle_ThumbstickOutter.uexp" 579
"../../../Engine/Content/Tutorial/ContentIntroCurve.uasset" 580
"../../../Engine/Content/Tutorial/ContentIntroCurve.uexp" 581
"../../../Engine/Content/VREditor/TransformGizmo/TranslucentTransformGizmoMaterial.uasset" 582
"../../../Engine/Content/VREditor/TransformGizmo/TranslucentTransformGizmoMaterial.uexp" 583
"../../../Engine/Content/VREditor/LaserPointer/VR_LaserPower_01.uasset" 584
"../../../Engine/Content/VREditor/LaserPointer/VR_LaserPower_01.uexp" 585
"../../../Engine/Content/VREditor/LaserPointer/VR_LaserPower_01.ubulk" 586
"../../../Engine/Content/VREditor/TransformGizmo/TransformGizmoMaterial.uasset" 587
"../../../Engine/Content/VREditor/TransformGizmo/TransformGizmoMaterial.uexp" 588
"../../../Engine/Content/VREditor/TransformGizmo/BoundingBoxCorner.uasset" 589
"../../../Engine/Content/VREditor/TransformGizmo/BoundingBoxCorner.uexp" 590
"../../../Engine/Content/VREditor/TransformGizmo/BoundingBoxEdge.uasset" 591
"../../../Engine/Content/VREditor/TransformGizmo/BoundingBoxEdge.uexp" 592
"../../../Engine/Content/VREditor/TransformGizmo/PlaneTranslationHandle.uasset" 593
"../../../Engine/Content/VREditor/TransformGizmo/PlaneTranslationHandle.uexp" 594
"../../../Engine/Content/VREditor/TransformGizmo/Xray.uasset" 595
"../../../Engine/Content/VREditor/TransformGizmo/Xray.uexp" 596
"../../../Engine/Content/VREditor/TransformGizmo/Main.uasset" 597
"../../../Engine/Content/VREditor/TransformGizmo/Main.uexp" 598
"../../../Engine/Content/VREditor/TransformGizmo/SM_Sequencer_Key.uasset" 599
"../../../Engine/Content/VREditor/TransformGizmo/SM_Sequencer_Key.uexp" 600
"../../../Engine/Content/VREditor/TransformGizmo/SM_Sequencer_Node.uasset" 601
"../../../Engine/Content/VREditor/TransformGizmo/SM_Sequencer_Node.uexp" 602
"../../../Engine/Plugins/2D/Paper2D/Content/PlaceholderTextures/DummySpriteTexture.uasset" 603
"../../../Engine/Plugins/2D/Paper2D/Content/PlaceholderTextures/DummySpriteTexture.uexp" 604
"../../../Engine/Plugins/2D/Paper2D/Content/PlaceholderTextures/DummySpriteTexture.ubulk" 605
"../../../Engine/Plugins/2D/Paper2D/Content/DummySprite.uasset" 606
"../../../Engine/Plugins/2D/Paper2D/Content/DummySprite.uexp" 607
"../../../Engine/Plugins/2D/Paper2D/Content/DefaultPaperTerrainMaterial.uasset" 608
"../../../Engine/Plugins/2D/Paper2D/Content/DefaultPaperTerrainMaterial.uexp" 609
"../../../Engine/Plugins/2D/Paper2D/Content/DefaultSpriteMaterial.uasset" 610
"../../../Engine/Plugins/2D/Paper2D/Content/DefaultSpriteMaterial.uexp" 611
"../../../Engine/Plugins/2D/Paper2D/Content/MaskedUnlitSpriteMaterial.uasset" 612
"../../../Engine/Plugins/2D/Paper2D/Content/MaskedUnlitSpriteMaterial.uexp" 613
"../../../Engine/Plugins/2D/Paper2D/Content/OpaqueUnlitSpriteMaterial.uasset" 614
"../../../Engine/Plugins/2D/Paper2D/Content/OpaqueUnlitSpriteMaterial.uexp" 615
"../../../Engine/Content/ArtTools/RenderToTexture/Materials/Debug/M_Emissive_Color.uasset" 616
"../../../Engine/Content/ArtTools/RenderToTexture/Materials/Debug/M_Emissive_Color.uexp" 617
"../../../Engine/Content/BasicShapes/Cylinder.uasset" 618
"../../../Engine/Content/BasicShapes/Cylinder.uexp" 619
"../../../Engine/Plugins/Lumin/MagicLeapPassableWorld/Content/MagicLeapARPinInfoActor.uasset" 620
"../../../Engine/Plugins/Lumin/MagicLeapPassableWorld/Content/MagicLeapARPinInfoActor.uexp" 621
"../../../Engine/Content/Functions/Engine_MaterialFunctions02/Utility/BreakOutFloat3Components.uasset" 622
"../../../Engine/Content/Functions/Engine_MaterialFunctions02/Utility/BreakOutFloat3Components.uexp" 623
"../../../Engine/Plugins/Editor/SpeedTreeImporter/Content/SpeedTree9/UnpackInteger3.uasset" 624
"../../../Engine/Plugins/Editor/SpeedTreeImporter/Content/SpeedTree9/UnpackInteger3.uexp" 625
"../../../Engine/Plugins/Editor/SpeedTreeImporter/Content/SpeedTree9/UnpackDirection.uasset" 626
"../../../Engine/Plugins/Editor/SpeedTreeImporter/Content/SpeedTree9/UnpackDirection.uexp" 627
"../../../Engine/Plugins/Editor/SpeedTreeImporter/Content/SpeedTree9/game_wind_noise.uasset" 628
"../../../Engine/Plugins/Editor/SpeedTreeImporter/Content/SpeedTree9/game_wind_noise.uexp" 629
"../../../Engine/Plugins/Editor/SpeedTreeImporter/Content/SpeedTree9/game_wind_noise.ubulk" 630
"../../../Engine/Content/Functions/Engine_MaterialFunctions02/SafeNormalize.uasset" 631
"../../../Engine/Content/Functions/Engine_MaterialFunctions02/SafeNormalize.uexp" 632
"../../../Engine/Plugins/Editor/SpeedTreeImporter/Content/SpeedTree9/SpeedTreeWindMotion.uasset" 633
"../../../Engine/Plugins/Editor/SpeedTreeImporter/Content/SpeedTree9/SpeedTreeWindMotion.uexp" 634
"../../../Engine/Plugins/Editor/SpeedTreeImporter/Content/SpeedTree9/SpeedTreeBranchMotion.uasset" 635
"../../../Engine/Plugins/Editor/SpeedTreeImporter/Content/SpeedTree9/SpeedTreeBranchMotion.uexp" 636
"../../../Engine/Content/Functions/Engine_MaterialFunctions02/ObjectLocalBounds.uasset" 637
"../../../Engine/Content/Functions/Engine_MaterialFunctions02/ObjectLocalBounds.uexp" 638
"../../../Engine/Content/Functions/Engine_MaterialFunctions02/UVs/BoundingBoxBased_0-1_UVW.uasset" 639
"../../../Engine/Content/Functions/Engine_MaterialFunctions02/UVs/BoundingBoxBased_0-1_UVW.uexp" 640
"../../../Engine/Content/Functions/Engine_MaterialFunctions02/Utility/VectorLength.uasset" 641
"../../../Engine/Content/Functions/Engine_MaterialFunctions02/Utility/VectorLength.uexp" 642
"../../../Engine/Content/Functions/Engine_MaterialFunctions02/WorldPositionOffset/ObjectScale.uasset" 643
"../../../Engine/Content/Functions/Engine_MaterialFunctions02/WorldPositionOffset/ObjectScale.uexp" 644
"../../../Engine/Plugins/Editor/SpeedTreeImporter/Content/SpeedTree9/SpeedTreeWind.uasset" 645
"../../../Engine/Plugins/Editor/SpeedTreeImporter/Content/SpeedTree9/SpeedTreeWind.uexp" 646
"../../../Engine/Plugins/Editor/SpeedTreeImporter/Content/SpeedTree9/SpeedTreeBillboard.uasset" 647
"../../../Engine/Plugins/Editor/SpeedTreeImporter/Content/SpeedTree9/SpeedTreeBillboard.uexp" 648
"../../../Engine/Plugins/Editor/SpeedTreeImporter/Content/SpeedTree9/EmptyNormal.uasset" 649
"../../../Engine/Plugins/Editor/SpeedTreeImporter/Content/SpeedTree9/EmptyNormal.uexp" 650
"../../../Engine/Plugins/Editor/SpeedTreeImporter/Content/SpeedTree9/Empty.uasset" 651
"../../../Engine/Plugins/Editor/SpeedTreeImporter/Content/SpeedTree9/Empty.uexp" 652
"../../../Engine/Plugins/Editor/SpeedTreeImporter/Content/SpeedTree9/SpeedTreeBillboardMaster.uasset" 653
"../../../Engine/Plugins/Editor/SpeedTreeImporter/Content/SpeedTree9/SpeedTreeBillboardMaster.uexp" 654
"../../../Engine/Plugins/Editor/SpeedTreeImporter/Content/SpeedTree9/SpeedTreeCameraFacing.uasset" 655
"../../../Engine/Plugins/Editor/SpeedTreeImporter/Content/SpeedTree9/SpeedTreeCameraFacing.uexp" 656
"../../../Engine/Plugins/Editor/SpeedTreeImporter/Content/SpeedTree9/SpeedTreeMaster.uasset" 657
"../../../Engine/Plugins/Editor/SpeedTreeImporter/Content/SpeedTree9/SpeedTreeMaster.uexp" 658
"../../../Engine/Plugins/Runtime/OpenXR/Content/Devices/GoogleDaydream/MRTexture.uasset" 659
"../../../Engine/Plugins/Runtime/OpenXR/Content/Devices/GoogleDaydream/MRTexture.uexp" 660
"../../../Engine/Plugins/Runtime/OpenXR/Content/Devices/GoogleDaydream/MRTexture.ubulk" 661
"../../../Engine/Plugins/Runtime/OpenXR/Content/Devices/GoogleDaydream/BaseTexture.uasset" 662
"../../../Engine/Plugins/Runtime/OpenXR/Content/Devices/GoogleDaydream/BaseTexture.uexp" 663
"../../../Engine/Plugins/Runtime/OpenXR/Content/Devices/GoogleDaydream/BaseTexture.ubulk" 664
"../../../Engine/Content/EngineResources/Black.uasset" 665
"../../../Engine/Content/EngineResources/Black.uexp" 666
"../../../Engine/Plugins/Runtime/OpenXR/Content/Devices/M_XRController.uasset" 667
"../../../Engine/Plugins/Runtime/OpenXR/Content/Devices/M_XRController.uexp" 668
"../../../Engine/Plugins/Runtime/OpenXR/Content/Devices/GoogleDaydream/MI_GoogleDaydream.uasset" 669
"../../../Engine/Plugins/Runtime/OpenXR/Content/Devices/GoogleDaydream/MI_GoogleDaydream.uexp" 670
"../../../Engine/Plugins/Runtime/OpenXR/Content/Devices/GoogleDaydream/GoogleDaydreamController.uasset" 671
"../../../Engine/Plugins/Runtime/OpenXR/Content/Devices/GoogleDaydream/GoogleDaydreamController.uexp" 672
"../../../Engine/Plugins/Runtime/OpenXR/Content/Devices/HTCVive/BaseTexture.uasset" 673
"../../../Engine/Plugins/Runtime/OpenXR/Content/Devices/HTCVive/BaseTexture.uexp" 674
"../../../Engine/Plugins/Runtime/OpenXR/Content/Devices/HTCVive/BaseTexture.ubulk" 675
"../../../Engine/Plugins/Runtime/OpenXR/Content/Devices/HTCVive/MI_HTCVive.uasset" 676
"../../../Engine/Plugins/Runtime/OpenXR/Content/Devices/HTCVive/MI_HTCVive.uexp" 677
"../../../Engine/Plugins/Runtime/OpenXR/Content/Devices/HTCVive/HTCViveController.uasset" 678
"../../../Engine/Plugins/Runtime/OpenXR/Content/Devices/HTCVive/HTCViveController.uexp" 679
"../../../Engine/Plugins/Runtime/OpenXR/Content/Devices/MicrosoftMixedReality/NormalTexture.uasset" 680
"../../../Engine/Plugins/Runtime/OpenXR/Content/Devices/MicrosoftMixedReality/NormalTexture.uexp" 681
"../../../Engine/Plugins/Runtime/OpenXR/Content/Devices/MicrosoftMixedReality/NormalTexture.ubulk" 682
"../../../Engine/Plugins/Runtime/OpenXR/Content/Devices/MicrosoftMixedReality/MRTexture.uasset" 683
"../../../Engine/Plugins/Runtime/OpenXR/Content/Devices/MicrosoftMixedReality/MRTexture.uexp" 684
"../../../Engine/Plugins/Runtime/OpenXR/Content/Devices/MicrosoftMixedReality/MRTexture.ubulk" 685
"../../../Engine/Plugins/Runtime/OpenXR/Content/Devices/MicrosoftMixedReality/EmissiveTexture.uasset" 686
"../../../Engine/Plugins/Runtime/OpenXR/Content/Devices/MicrosoftMixedReality/EmissiveTexture.uexp" 687
"../../../Engine/Plugins/Runtime/OpenXR/Content/Devices/MicrosoftMixedReality/EmissiveTexture.ubulk" 688
"../../../Engine/Plugins/Runtime/OpenXR/Content/Devices/MicrosoftMixedReality/BaseTexture.uasset" 689
"../../../Engine/Plugins/Runtime/OpenXR/Content/Devices/MicrosoftMixedReality/BaseTexture.uexp" 690
"../../../Engine/Plugins/Runtime/OpenXR/Content/Devices/MicrosoftMixedReality/BaseTexture.ubulk" 691
"../../../Engine/Plugins/Runtime/OpenXR/Content/Devices/MicrosoftMixedReality/MI_MicrosoftMixedReality.uasset" 692
"../../../Engine/Plugins/Runtime/OpenXR/Content/Devices/MicrosoftMixedReality/MI_MicrosoftMixedReality.uexp" 693
"../../../Engine/Plugins/Runtime/OpenXR/Content/Devices/MicrosoftMixedReality/Left/left_MicrosoftMixedRealityController.uasset" 694
"../../../Engine/Plugins/Runtime/OpenXR/Content/Devices/MicrosoftMixedReality/Left/left_MicrosoftMixedRealityController.uexp" 695
"../../../Engine/Plugins/Runtime/OpenXR/Content/Devices/MicrosoftMixedReality/Right/right_MicrosoftMixedRealityController.uasset" 696
"../../../Engine/Plugins/Runtime/OpenXR/Content/Devices/MicrosoftMixedReality/Right/right_MicrosoftMixedRealityController.uexp" 697
"../../../Engine/Plugins/Runtime/OpenXR/Content/Devices/OculusGo/BaseTexture.uasset" 698
"../../../Engine/Plugins/Runtime/OpenXR/Content/Devices/OculusGo/BaseTexture.uexp" 699
"../../../Engine/Plugins/Runtime/OpenXR/Content/Devices/OculusGo/BaseTexture.ubulk" 700
"../../../Engine/Plugins/Runtime/OpenXR/Content/Devices/OculusGo/MI_OculusGo.uasset" 701
"../../../Engine/Plugins/Runtime/OpenXR/Content/Devices/OculusGo/MI_OculusGo.uexp" 702
"../../../Engine/Plugins/Runtime/OpenXR/Content/Devices/OculusGo/OculusGoController.uasset" 703
"../../../Engine/Plugins/Runtime/OpenXR/Content/Devices/OculusGo/OculusGoController.uexp" 704
"../../../Engine/Plugins/Runtime/OpenXR/Content/Devices/OculusTouch/MRTexture.uasset" 705
"../../../Engine/Plugins/Runtime/OpenXR/Content/Devices/OculusTouch/MRTexture.uexp" 706
"../../../Engine/Plugins/Runtime/OpenXR/Content/Devices/OculusTouch/MRTexture.ubulk" 707
"../../../Engine/Plugins/Runtime/OpenXR/Content/Devices/OculusTouch/BaseTexture.uasset" 708
"../../../Engine/Plugins/Runtime/OpenXR/Content/Devices/OculusTouch/BaseTexture.uexp" 709
"../../../Engine/Plugins/Runtime/OpenXR/Content/Devices/OculusTouch/BaseTexture.ubulk" 710
"../../../Engine/Plugins/Runtime/OpenXR/Content/Devices/OculusTouch/MI_OculusTouch.uasset" 711
"../../../Engine/Plugins/Runtime/OpenXR/Content/Devices/OculusTouch/MI_OculusTouch.uexp" 712
"../../../Engine/Plugins/Runtime/OpenXR/Content/Devices/OculusTouch/Left/left_OculusTouchController.uasset" 713
"../../../Engine/Plugins/Runtime/OpenXR/Content/Devices/OculusTouch/Left/left_OculusTouchController.uexp" 714
"../../../Engine/Plugins/Runtime/OpenXR/Content/Devices/OculusTouch/Right/right_OculusTouchController.uasset" 715
"../../../Engine/Plugins/Runtime/OpenXR/Content/Devices/OculusTouch/Right/right_OculusTouchController.uexp" 716
"../../../Engine/Plugins/Runtime/OpenXR/Content/Devices/OculusTouch_v2/MRTexture.uasset" 717
"../../../Engine/Plugins/Runtime/OpenXR/Content/Devices/OculusTouch_v2/MRTexture.uexp" 718
"../../../Engine/Plugins/Runtime/OpenXR/Content/Devices/OculusTouch_v2/MRTexture.ubulk" 719
"../../../Engine/Plugins/Runtime/OpenXR/Content/Devices/OculusTouch_v2/BaseTexture.uasset" 720
"../../../Engine/Plugins/Runtime/OpenXR/Content/Devices/OculusTouch_v2/BaseTexture.uexp" 721
"../../../Engine/Plugins/Runtime/OpenXR/Content/Devices/OculusTouch_v2/BaseTexture.ubulk" 722
"../../../Engine/Plugins/Runtime/OpenXR/Content/Devices/OculusTouch_v2/MI_OculusTouch_v2.uasset" 723
"../../../Engine/Plugins/Runtime/OpenXR/Content/Devices/OculusTouch_v2/MI_OculusTouch_v2.uexp" 724
"../../../Engine/Plugins/Runtime/OpenXR/Content/Devices/OculusTouch_v2/Left/left_OculusTouch_v2Controller.uasset" 725
"../../../Engine/Plugins/Runtime/OpenXR/Content/Devices/OculusTouch_v2/Left/left_OculusTouch_v2Controller.uexp" 726
"../../../Engine/Plugins/Runtime/OpenXR/Content/Devices/OculusTouch_v2/Right/right_OculusTouch_v2Controller.uasset" 727
"../../../Engine/Plugins/Runtime/OpenXR/Content/Devices/OculusTouch_v2/Right/right_OculusTouch_v2Controller.uexp" 728
"../../../Engine/Plugins/Runtime/OpenXR/Content/Devices/OculusTouch_v3/MRTexture.uasset" 729
"../../../Engine/Plugins/Runtime/OpenXR/Content/Devices/OculusTouch_v3/MRTexture.uexp" 730
"../../../Engine/Plugins/Runtime/OpenXR/Content/Devices/OculusTouch_v3/MRTexture.ubulk" 731
"../../../Engine/Plugins/Runtime/OpenXR/Content/Devices/OculusTouch_v3/BaseTexture.uasset" 732
"../../../Engine/Plugins/Runtime/OpenXR/Content/Devices/OculusTouch_v3/BaseTexture.uexp" 733
"../../../Engine/Plugins/Runtime/OpenXR/Content/Devices/OculusTouch_v3/BaseTexture.ubulk" 734
"../../../Engine/Plugins/Runtime/OpenXR/Content/Devices/OculusTouch_v3/MI_OculusTouch_v3.uasset" 735
"../../../Engine/Plugins/Runtime/OpenXR/Content/Devices/OculusTouch_v3/MI_OculusTouch_v3.uexp" 736
"../../../Engine/Plugins/Runtime/OpenXR/Content/Devices/OculusTouch_v3/Left/left_OculusTouch_v3Controller.uasset" 737
"../../../Engine/Plugins/Runtime/OpenXR/Content/Devices/OculusTouch_v3/Left/left_OculusTouch_v3Controller.uexp" 738
"../../../Engine/Plugins/Runtime/OpenXR/Content/Devices/OculusTouch_v3/Right/right_OculusTouch_v3Controller.uasset" 739
"../../../Engine/Plugins/Runtime/OpenXR/Content/Devices/OculusTouch_v3/Right/right_OculusTouch_v3Controller.uexp" 740
"../../../Engine/Plugins/Runtime/OpenXR/Content/Devices/ValveIndex/MRTexture.uasset" 741
"../../../Engine/Plugins/Runtime/OpenXR/Content/Devices/ValveIndex/MRTexture.uexp" 742
"../../../Engine/Plugins/Runtime/OpenXR/Content/Devices/ValveIndex/MRTexture.ubulk" 743
"../../../Engine/Plugins/Runtime/OpenXR/Content/Devices/ValveIndex/BaseTexture.uasset" 744
"../../../Engine/Plugins/Runtime/OpenXR/Content/Devices/ValveIndex/BaseTexture.uexp" 745
"../../../Engine/Plugins/Runtime/OpenXR/Content/Devices/ValveIndex/BaseTexture.ubulk" 746
"../../../Engine/Plugins/Runtime/OpenXR/Content/Devices/ValveIndex/Left/MI_left_ValveIndex.uasset" 747
"../../../Engine/Plugins/Runtime/OpenXR/Content/Devices/ValveIndex/Left/MI_left_ValveIndex.uexp" 748
"../../../Engine/Plugins/Runtime/OpenXR/Content/Devices/ValveIndex/Left/left_ValveIndexController.uasset" 749
"../../../Engine/Plugins/Runtime/OpenXR/Content/Devices/ValveIndex/Left/left_ValveIndexController.uexp" 750
"../../../Engine/Plugins/Runtime/OpenXR/Content/Devices/ValveIndex/Right/MI_right_ValveIndex.uasset" 751
"../../../Engine/Plugins/Runtime/OpenXR/Content/Devices/ValveIndex/Right/MI_right_ValveIndex.uexp" 752
"../../../Engine/Plugins/Runtime/OpenXR/Content/Devices/ValveIndex/Right/right_ValveIndexController.uasset" 753
"../../../Engine/Plugins/Runtime/OpenXR/Content/Devices/ValveIndex/Right/right_ValveIndexController.uexp" 754
"../../../Engine/Content/Functions/Engine_MaterialFunctions02/Utility/BreakOutFloat4Components.uasset" 755
"../../../Engine/Content/Functions/Engine_MaterialFunctions02/Utility/BreakOutFloat4Components.uexp" 756
"../../../Engine/Content/Functions/Engine_MaterialFunctions02/Utility/MakeFloat3.uasset" 757
"../../../Engine/Content/Functions/Engine_MaterialFunctions02/Utility/MakeFloat3.uexp" 758
"../../../Engine/Plugins/Runtime/Oculus/OculusVR/Content/Materials/OculusMR_ChromaKey.uasset" 759
"../../../Engine/Plugins/Runtime/Oculus/OculusVR/Content/Materials/OculusMR_ChromaKey.uexp" 760
"../../../Engine/Plugins/Runtime/Oculus/OculusVR/Content/Materials/OculusMR_OpaqueColoredMaterial.uasset" 761
"../../../Engine/Plugins/Runtime/Oculus/OculusVR/Content/Materials/OculusMR_OpaqueColoredMaterial.uexp" 762
"../../../Engine/Plugins/Runtime/Oculus/OculusVR/Content/Materials/PokeAHoleMaterial.uasset" 763
"../../../Engine/Plugins/Runtime/Oculus/OculusVR/Content/Materials/PokeAHoleMaterial.uexp" 764
"../../../Engine/Plugins/Runtime/Oculus/OculusVR/Content/Textures/touchController_controlmap.uasset" 765
"../../../Engine/Plugins/Runtime/Oculus/OculusVR/Content/Textures/touchController_controlmap.uexp" 766
"../../../Engine/Plugins/Runtime/Oculus/OculusVR/Content/Textures/touchController_controlmap.ubulk" 767
"../../../Engine/Plugins/Runtime/Oculus/OculusVR/Content/Textures/touchController_albedo.uasset" 768
"../../../Engine/Plugins/Runtime/Oculus/OculusVR/Content/Textures/touchController_albedo.uexp" 769
"../../../Engine/Plugins/Runtime/Oculus/OculusVR/Content/Textures/touchController_albedo.ubulk" 770
"../../../Engine/Plugins/Runtime/Oculus/OculusVR/Content/Materials/touchController_mat.uasset" 771
"../../../Engine/Plugins/Runtime/Oculus/OculusVR/Content/Materials/touchController_mat.uexp" 772
"../../../Engine/Plugins/Runtime/Oculus/OculusVR/Content/Meshes/LeftTouchController.uasset" 773
"../../../Engine/Plugins/Runtime/Oculus/OculusVR/Content/Meshes/LeftTouchController.uexp" 774
"../../../Engine/Plugins/Runtime/Oculus/OculusVR/Content/Textures/TouchForQuestRiftSController_albedo.uasset" 775
"../../../Engine/Plugins/Runtime/Oculus/OculusVR/Content/Textures/TouchForQuestRiftSController_albedo.uexp" 776
"../../../Engine/Plugins/Runtime/Oculus/OculusVR/Content/Textures/TouchForQuestRiftSController_albedo.ubulk" 777
"../../../Engine/Plugins/Runtime/Oculus/OculusVR/Content/Materials/TouchForQuestRiftSControllerMaterial.uasset" 778
"../../../Engine/Plugins/Runtime/Oculus/OculusVR/Content/Materials/TouchForQuestRiftSControllerMaterial.uexp" 779
"../../../Engine/Plugins/Runtime/Oculus/OculusVR/Content/Meshes/LeftTouchForQuestRiftSController.uasset" 780
"../../../Engine/Plugins/Runtime/Oculus/OculusVR/Content/Meshes/LeftTouchForQuestRiftSController.uexp" 781
"../../../Engine/Plugins/Runtime/Oculus/OculusVR/Content/Meshes/RiftHMD.uasset" 782
"../../../Engine/Plugins/Runtime/Oculus/OculusVR/Content/Meshes/RiftHMD.uexp" 783
"../../../Engine/Plugins/Runtime/Oculus/OculusVR/Content/Meshes/RightTouchController.uasset" 784
"../../../Engine/Plugins/Runtime/Oculus/OculusVR/Content/Meshes/RightTouchController.uexp" 785
"../../../Engine/Plugins/Runtime/Oculus/OculusVR/Content/Meshes/RightTouchForQuestRiftSController.uasset" 786
"../../../Engine/Plugins/Runtime/Oculus/OculusVR/Content/Meshes/RightTouchForQuestRiftSController.uexp" 787
"E:/ProjectsUnrealEngine/UE4/TFG/NausTFGMultiPlayer/Content/Levels/GameLevels/TestGameLevel_BuiltData.uasset" 788
"E:/ProjectsUnrealEngine/UE4/TFG/NausTFGMultiPlayer/Content/Levels/GameLevels/TestGameLevel_BuiltData.uexp" 789
"../../../Engine/Content/Functions/Engine_MaterialFunctions02/3PointLevels.uasset" 790
"../../../Engine/Content/Functions/Engine_MaterialFunctions02/3PointLevels.uexp" 791
"E:/ProjectsUnrealEngine/UE4/TFG/NausTFGMultiPlayer/Content/Levels/MenuLevels/GraphicLevels/Images/skyBoxDefinitivo.uasset" 792
"E:/ProjectsUnrealEngine/UE4/TFG/NausTFGMultiPlayer/Content/Levels/MenuLevels/GraphicLevels/Images/skyBoxDefinitivo.uexp" 793
"E:/ProjectsUnrealEngine/UE4/TFG/NausTFGMultiPlayer/Content/Levels/MenuLevels/GraphicLevels/Materials/SpaceParameters.uasset" 794
"E:/ProjectsUnrealEngine/UE4/TFG/NausTFGMultiPlayer/Content/Levels/MenuLevels/GraphicLevels/Materials/SpaceParameters.uexp" 795
"E:/ProjectsUnrealEngine/UE4/TFG/NausTFGMultiPlayer/Content/Levels/MenuLevels/GraphicLevels/Materials/MainLevelSkyBoxMaterial.uasset" 796
"E:/ProjectsUnrealEngine/UE4/TFG/NausTFGMultiPlayer/Content/Levels/MenuLevels/GraphicLevels/Materials/MainLevelSkyBoxMaterial.uexp" 797
"../../../Engine/Content/MapTemplates/Sky/T_UDK_Sky_CloudMask01_N.uasset" 798
"../../../Engine/Content/MapTemplates/Sky/T_UDK_Sky_CloudMask01_N.uexp" 799
"../../../Engine/Content/MapTemplates/Sky/T_UDK_Sky_CloudMask01_N.ubulk" 800
"../../../Engine/Content/MapTemplates/Sky/T_Sky_Stars.uasset" 801
"../../../Engine/Content/MapTemplates/Sky/T_Sky_Stars.uexp" 802
"../../../Engine/Content/MapTemplates/Sky/T_Sky_Stars.ubulk" 803
"../../../Engine/Content/MapTemplates/T_UDK_Sky_CloudMask03.uasset" 804
"../../../Engine/Content/MapTemplates/T_UDK_Sky_CloudMask03.uexp" 805
"../../../Engine/Content/MapTemplates/T_UDK_Sky_CloudMask03.ubulk" 806
"../../../Engine/Content/MapTemplates/Sky/M_Procedural_Sky_MASTER02.uasset" 807
"../../../Engine/Content/MapTemplates/Sky/M_Procedural_Sky_MASTER02.uexp" 808
"../../../Engine/Content/MapTemplates/Sky/SM_SkySphere.uasset" 809
"../../../Engine/Content/MapTemplates/Sky/SM_SkySphere.uexp" 810
"E:/ProjectsUnrealEngine/UE4/TFG/NausTFGMultiPlayer/Content/Levels/MenuLevels/GraphicLevels/Blueprints/MainMenuSkyBox_BP.uasset" 811
"E:/ProjectsUnrealEngine/UE4/TFG/NausTFGMultiPlayer/Content/Levels/MenuLevels/GraphicLevels/Blueprints/MainMenuSkyBox_BP.uexp" 812
"E:/ProjectsUnrealEngine/UE4/TFG/NausTFGMultiPlayer/Content/Assets/Meshes/Planets/Planets/2k_earth_clouds.uasset" 813
"E:/ProjectsUnrealEngine/UE4/TFG/NausTFGMultiPlayer/Content/Assets/Meshes/Planets/Planets/2k_earth_clouds.uexp" 814
"E:/ProjectsUnrealEngine/UE4/TFG/NausTFGMultiPlayer/Content/Assets/Meshes/Planets/Planets/2k_earth_clouds.ubulk" 815
"E:/ProjectsUnrealEngine/UE4/TFG/NausTFGMultiPlayer/Content/Assets/Meshes/Planets/Planets/2k_earth_nightmap.uasset" 816
"E:/ProjectsUnrealEngine/UE4/TFG/NausTFGMultiPlayer/Content/Assets/Meshes/Planets/Planets/2k_earth_nightmap.uexp" 817
"E:/ProjectsUnrealEngine/UE4/TFG/NausTFGMultiPlayer/Content/Assets/Meshes/Planets/Planets/2k_earth_nightmap.ubulk" 818
"E:/ProjectsUnrealEngine/UE4/TFG/NausTFGMultiPlayer/Content/Assets/Meshes/Planets/Planets/2k_earth_normal_map.uasset" 819
"E:/ProjectsUnrealEngine/UE4/TFG/NausTFGMultiPlayer/Content/Assets/Meshes/Planets/Planets/2k_earth_normal_map.uexp" 820
"E:/ProjectsUnrealEngine/UE4/TFG/NausTFGMultiPlayer/Content/Assets/Meshes/Planets/Planets/2k_earth_normal_map.ubulk" 821
"E:/ProjectsUnrealEngine/UE4/TFG/NausTFGMultiPlayer/Content/Assets/Meshes/Planets/Planets/2k_earth_specular_map.uasset" 822
"E:/ProjectsUnrealEngine/UE4/TFG/NausTFGMultiPlayer/Content/Assets/Meshes/Planets/Planets/2k_earth_specular_map.uexp" 823
"E:/ProjectsUnrealEngine/UE4/TFG/NausTFGMultiPlayer/Content/Assets/Meshes/Planets/Planets/2k_earth_specular_map.ubulk" 824
"E:/ProjectsUnrealEngine/UE4/TFG/NausTFGMultiPlayer/Content/Assets/Meshes/Planets/Planets/2k_earth_daymap.uasset" 825
"E:/ProjectsUnrealEngine/UE4/TFG/NausTFGMultiPlayer/Content/Assets/Meshes/Planets/Planets/2k_earth_daymap.uexp" 826
"E:/ProjectsUnrealEngine/UE4/TFG/NausTFGMultiPlayer/Content/Assets/Meshes/Planets/Planets/2k_earth_daymap.ubulk" 827
"E:/ProjectsUnrealEngine/UE4/TFG/NausTFGMultiPlayer/Content/Assets/Meshes/Planets/Planets/M_Earth_Minute.uasset" 828
"E:/ProjectsUnrealEngine/UE4/TFG/NausTFGMultiPlayer/Content/Assets/Meshes/Planets/Planets/M_Earth_Minute.uexp" 829
"E:/ProjectsUnrealEngine/UE4/TFG/NausTFGMultiPlayer/Content/Assets/Meshes/Planets/DefaultMaterial.uasset" 830
"E:/ProjectsUnrealEngine/UE4/TFG/NausTFGMultiPlayer/Content/Assets/Meshes/Planets/DefaultMaterial.uexp" 831
"E:/ProjectsUnrealEngine/UE4/TFG/NausTFGMultiPlayer/Content/Assets/Meshes/Planets/Sphere.uasset" 832
"E:/ProjectsUnrealEngine/UE4/TFG/NausTFGMultiPlayer/Content/Assets/Meshes/Planets/Sphere.uexp" 833
"E:/ProjectsUnrealEngine/UE4/TFG/NausTFGMultiPlayer/Content/Levels/GameLevels/TestGameLevel.uexp" 834
"E:/ProjectsUnrealEngine/UE4/TFG/NausTFGMultiPlayer/Content/Levels/GameLevels/TestGameLevel.umap" 835
"E:/ProjectsUnrealEngine/UE4/TFG/NausTFGMultiPlayer/Content/Levels/MenuLevels/InitMenuLevel_BuiltData.uasset" 836
"E:/ProjectsUnrealEngine/UE4/TFG/NausTFGMultiPlayer/Content/Levels/MenuLevels/InitMenuLevel_BuiltData.uexp" 837
"E:/ProjectsUnrealEngine/UE4/TFG/NausTFGMultiPlayer/Content/Levels/MenuLevels/InitMenuLevel.uexp" 838
"E:/ProjectsUnrealEngine/UE4/TFG/NausTFGMultiPlayer/Content/Levels/MenuLevels/InitMenuLevel.umap" 839
"E:/ProjectsUnrealEngine/UE4/TFG/NausTFGMultiPlayer/Content/Levels/MenuLevels/GraphicLevels/Meshes/MainMenuMountain.uasset" 840
"E:/ProjectsUnrealEngine/UE4/TFG/NausTFGMultiPlayer/Content/Levels/MenuLevels/GraphicLevels/Meshes/MainMenuMountain.uexp" 841
"E:/ProjectsUnrealEngine/UE4/TFG/NausTFGMultiPlayer/Content/Levels/MenuLevels/MainMenuLevel_BuiltData.uasset" 842
"E:/ProjectsUnrealEngine/UE4/TFG/NausTFGMultiPlayer/Content/Levels/MenuLevels/MainMenuLevel_BuiltData.uexp" 843
"E:/ProjectsUnrealEngine/UE4/TFG/NausTFGMultiPlayer/Content/Levels/MenuLevels/MainMenuLevel_BuiltData.ubulk" 844
"E:/ProjectsUnrealEngine/UE4/TFG/NausTFGMultiPlayer/Content/Levels/MenuLevels/MenuComponents/sinusMovement.uasset" 845
"E:/ProjectsUnrealEngine/UE4/TFG/NausTFGMultiPlayer/Content/Levels/MenuLevels/MenuComponents/sinusMovement.uexp" 846
"E:/ProjectsUnrealEngine/UE4/TFG/NausTFGMultiPlayer/Content/Levels/MenuLevels/MainMenuLevel.uexp" 847
"E:/ProjectsUnrealEngine/UE4/TFG/NausTFGMultiPlayer/Content/Levels/MenuLevels/MainMenuLevel.umap" 848
